

Started GET "/" for 127.0.0.1 at 2017-01-03 10:23:47 -0600
Processing by RacersController#index as HTML
Completed 500 Internal Server Error in 8ms (ActiveRecord: 0.0ms)

SyntaxError (/home/jmm5872/sites/coursera/3_rails_with_mongodb/raceday2/app/models/racer.rb:67: syntax error, unexpected ':', expecting ')'
...jectId(@id)).update_one('$set': { number: @number, first_nam...
...                               ^
/home/jmm5872/sites/coursera/3_rails_with_mongodb/raceday2/app/models/racer.rb:67: syntax error, unexpected ')', expecting keyword_end):
  app/models/racer.rb:67: syntax error, unexpected ':', expecting ')'
  app/models/racer.rb:67: syntax error, unexpected ')', expecting keyword_end
  app/controllers/racers_controller.rb:5:in `index'


  Rendered /usr/local/lib/ruby/gems/2.0.0/gems/actionpack-4.2.4/lib/action_dispatch/middleware/templates/rescues/_source.erb (3.1ms)
  Rendered /usr/local/lib/ruby/gems/2.0.0/gems/actionpack-4.2.4/lib/action_dispatch/middleware/templates/rescues/_trace.html.erb (1.3ms)
  Rendered /usr/local/lib/ruby/gems/2.0.0/gems/actionpack-4.2.4/lib/action_dispatch/middleware/templates/rescues/_request_and_response.html.erb (0.5ms)
  Rendered /usr/local/lib/ruby/gems/2.0.0/gems/actionpack-4.2.4/lib/action_dispatch/middleware/templates/rescues/diagnostics.html.erb within rescues/layout (12.8ms)
  Rendered /usr/local/lib/ruby/gems/2.0.0/gems/web-console-2.2.1/lib/web_console/templates/_markup.html.erb (0.3ms)
  Rendered /usr/local/lib/ruby/gems/2.0.0/gems/web-console-2.2.1/lib/web_console/templates/_inner_console_markup.html.erb within layouts/inlined_string (0.2ms)
  Rendered /usr/local/lib/ruby/gems/2.0.0/gems/web-console-2.2.1/lib/web_console/templates/_prompt_box_markup.html.erb within layouts/inlined_string (0.2ms)
  Rendered /usr/local/lib/ruby/gems/2.0.0/gems/web-console-2.2.1/lib/web_console/templates/style.css.erb within layouts/inlined_string (0.3ms)
  Rendered /usr/local/lib/ruby/gems/2.0.0/gems/web-console-2.2.1/lib/web_console/templates/console.js.erb within layouts/javascript (10.5ms)
  Rendered /usr/local/lib/ruby/gems/2.0.0/gems/web-console-2.2.1/lib/web_console/templates/main.js.erb within layouts/javascript (0.3ms)
  Rendered /usr/local/lib/ruby/gems/2.0.0/gems/web-console-2.2.1/lib/web_console/templates/error_page.js.erb within layouts/javascript (0.3ms)
  Rendered /usr/local/lib/ruby/gems/2.0.0/gems/web-console-2.2.1/lib/web_console/templates/index.html.erb (24.5ms)
