  [1m[36m (7.3ms)[0m  [1mCREATE TABLE "schema_migrations" ("version" varchar NOT NULL) [0m
  [1m[35m (0.1ms)[0m  select sqlite_version(*)
  [1m[36m (3.9ms)[0m  [1mCREATE UNIQUE INDEX "unique_schema_migrations" ON "schema_migrations" ("version")[0m
  [1m[35mActiveRecord::SchemaMigration Load (0.1ms)[0m  SELECT "schema_migrations".* FROM "schema_migrations"
Migrating to CreateUsers (20160120155613)
  [1m[36m (0.1ms)[0m  [1mbegin transaction[0m
  [1m[35m (0.3ms)[0m  CREATE TABLE "users" ("id" INTEGER PRIMARY KEY AUTOINCREMENT NOT NULL, "username" varchar, "password_digest" varchar, "created_at" datetime NOT NULL, "updated_at" datetime NOT NULL) 
  [1m[36mSQL (0.2ms)[0m  [1mINSERT INTO "schema_migrations" ("version") VALUES (?)[0m  [["version", "20160120155613"]]
  [1m[35m (10.8ms)[0m  commit transaction
  [1m[36mActiveRecord::SchemaMigration Load (0.1ms)[0m  [1mSELECT "schema_migrations".* FROM "schema_migrations"[0m
  [1m[36mActiveRecord::SchemaMigration Load (0.1ms)[0m  [1mSELECT "schema_migrations".* FROM "schema_migrations"[0m
Migrating to CreateProfiles (20160120155740)
  [1m[35m (0.1ms)[0m  begin transaction
  [1m[36m (0.2ms)[0m  [1mCREATE TABLE "profiles" ("id" INTEGER PRIMARY KEY AUTOINCREMENT NOT NULL, "gender" varchar, "birth_year" integer, "first_name" varchar, "last_name" varchar, "created_at" datetime NOT NULL, "updated_at" datetime NOT NULL) [0m
  [1m[35mSQL (0.1ms)[0m  INSERT INTO "schema_migrations" ("version") VALUES (?)  [["version", "20160120155740"]]
  [1m[36m (17.6ms)[0m  [1mcommit transaction[0m
  [1m[35mActiveRecord::SchemaMigration Load (0.1ms)[0m  SELECT "schema_migrations".* FROM "schema_migrations"
  [1m[36mActiveRecord::SchemaMigration Load (0.1ms)[0m  [1mSELECT "schema_migrations".* FROM "schema_migrations"[0m
Migrating to CreateTodoLists (20160120155821)
  [1m[35m (0.1ms)[0m  begin transaction
  [1m[36m (0.3ms)[0m  [1mCREATE TABLE "todo_lists" ("id" INTEGER PRIMARY KEY AUTOINCREMENT NOT NULL, "list_name" varchar, "list_due_date" date, "created_at" datetime NOT NULL, "updated_at" datetime NOT NULL) [0m
  [1m[35mSQL (0.1ms)[0m  INSERT INTO "schema_migrations" ("version") VALUES (?)  [["version", "20160120155821"]]
  [1m[36m (7.0ms)[0m  [1mcommit transaction[0m
  [1m[35mActiveRecord::SchemaMigration Load (0.1ms)[0m  SELECT "schema_migrations".* FROM "schema_migrations"
  [1m[36mActiveRecord::SchemaMigration Load (0.1ms)[0m  [1mSELECT "schema_migrations".* FROM "schema_migrations"[0m
Migrating to CreateTodoItems (20160120155922)
  [1m[36mActiveRecord::SchemaMigration Load (0.1ms)[0m  [1mSELECT "schema_migrations".* FROM "schema_migrations"[0m
Migrating to CreateTodoItems (20160120155922)
  [1m[35m (0.1ms)[0m  begin transaction
  [1m[36m (0.3ms)[0m  [1mCREATE TABLE "todo_items" ("id" INTEGER PRIMARY KEY AUTOINCREMENT NOT NULL, "due_date" date, "title" varchar, "description" text, "completed" boolean DEFAULT 'f', "created_at" datetime NOT NULL, "updated_at" datetime NOT NULL) [0m
  [1m[35mSQL (0.1ms)[0m  INSERT INTO "schema_migrations" ("version") VALUES (?)  [["version", "20160120155922"]]
  [1m[36m (6.9ms)[0m  [1mcommit transaction[0m
  [1m[35mActiveRecord::SchemaMigration Load (0.1ms)[0m  SELECT "schema_migrations".* FROM "schema_migrations"
  [1m[36mUser Load (0.8ms)[0m  [1mSELECT "users".* FROM "users"[0m
  [1m[35mTodoList Load (0.1ms)[0m  SELECT "todo_lists".* FROM "todo_lists"
  [1m[36mUser Load (0.1ms)[0m  [1mSELECT "users".* FROM "users"[0m
  [1m[35mTodoList Load (0.1ms)[0m  SELECT "todo_lists".* FROM "todo_lists"
  [1m[36mUser Load (0.1ms)[0m  [1mSELECT  "users".* FROM "users" WHERE "users"."username" = ? LIMIT 1[0m  [["username", "joesmith"]]
  [1m[35mUser Load (0.0ms)[0m  SELECT  "users".* FROM "users" WHERE "users"."username" = ? LIMIT 1  [["username", "joesmith"]]
  [1m[36mUser Load (0.7ms)[0m  [1mSELECT "users".* FROM "users"[0m
  [1m[35mTodoList Load (0.1ms)[0m  SELECT "todo_lists".* FROM "todo_lists"
  [1m[36mUser Load (0.7ms)[0m  [1mSELECT "users".* FROM "users"[0m
  [1m[35mTodoList Load (0.1ms)[0m  SELECT "todo_lists".* FROM "todo_lists"
  [1m[36mUser Load (0.1ms)[0m  [1mSELECT "users".* FROM "users"[0m
  [1m[35mTodoList Load (0.1ms)[0m  SELECT "todo_lists".* FROM "todo_lists"
  [1m[36mUser Load (0.1ms)[0m  [1mSELECT  "users".* FROM "users" WHERE "users"."username" = ? LIMIT 1[0m  [["username", "joesmith"]]
  [1m[35m (0.0ms)[0m  begin transaction
  [1m[36mSQL (0.2ms)[0m  [1mINSERT INTO "users" ("username", "password_digest", "created_at", "updated_at") VALUES (?, ?, ?, ?)[0m  [["username", "joesmith"], ["password_digest", "xxx"], ["created_at", "2016-01-20 16:06:18.282520"], ["updated_at", "2016-01-20 16:06:18.282520"]]
  [1m[35m (17.6ms)[0m  commit transaction
  [1m[36mUser Load (0.1ms)[0m  [1mSELECT  "users".* FROM "users" WHERE "users"."username" = ? LIMIT 1[0m  [["username", "joesmith"]]
  [1m[36mUser Load (0.7ms)[0m  [1mSELECT "users".* FROM "users"[0m
  [1m[35m (0.0ms)[0m  begin transaction
  [1m[36mSQL (0.2ms)[0m  [1mDELETE FROM "users" WHERE "users"."id" = ?[0m  [["id", 1]]
  [1m[35m (3.9ms)[0m  commit transaction
  [1m[36mTodoList Load (0.1ms)[0m  [1mSELECT "todo_lists".* FROM "todo_lists"[0m
  [1m[35mUser Load (0.1ms)[0m  SELECT "users".* FROM "users"
  [1m[36mTodoList Load (0.1ms)[0m  [1mSELECT "todo_lists".* FROM "todo_lists"[0m
  [1m[35mUser Load (0.3ms)[0m  SELECT  "users".* FROM "users" WHERE "users"."username" = ? LIMIT 1  [["username", "joesmith"]]
  [1m[36m (0.1ms)[0m  [1mbegin transaction[0m
  [1m[35mSQL (0.5ms)[0m  INSERT INTO "users" ("username", "password_digest", "created_at", "updated_at") VALUES (?, ?, ?, ?)  [["username", "joesmith"], ["password_digest", "xxx"], ["created_at", "2016-01-20 16:06:45.936310"], ["updated_at", "2016-01-20 16:06:45.936310"]]
  [1m[36m (3.7ms)[0m  [1mcommit transaction[0m
  [1m[35mUser Load (0.1ms)[0m  SELECT  "users".* FROM "users" WHERE "users"."username" = ? LIMIT 1  [["username", "joesmith"]]
  [1m[36mUser Load (0.8ms)[0m  [1mSELECT "users".* FROM "users"[0m
  [1m[35m (0.1ms)[0m  begin transaction
  [1m[36mSQL (0.2ms)[0m  [1mDELETE FROM "users" WHERE "users"."id" = ?[0m  [["id", 2]]
  [1m[35m (7.1ms)[0m  commit transaction
  [1m[36mTodoList Load (0.1ms)[0m  [1mSELECT "todo_lists".* FROM "todo_lists"[0m
  [1m[35mUser Load (0.2ms)[0m  SELECT "users".* FROM "users"
  [1m[36mTodoList Load (0.2ms)[0m  [1mSELECT "todo_lists".* FROM "todo_lists"[0m
  [1m[35mTodoList Load (0.3ms)[0m  SELECT  "todo_lists".* FROM "todo_lists" WHERE "todo_lists"."list_name" = ? LIMIT 1  [["list_name", "mylist"]]
  [1m[36m (0.0ms)[0m  [1mbegin transaction[0m
  [1m[35mSQL (0.2ms)[0m  INSERT INTO "todo_lists" ("list_name", "list_due_date", "created_at", "updated_at") VALUES (?, ?, ?, ?)  [["list_name", "mylist"], ["list_due_date", "2016-01-20"], ["created_at", "2016-01-20 16:08:30.186844"], ["updated_at", "2016-01-20 16:08:30.186844"]]
  [1m[36m (7.3ms)[0m  [1mcommit transaction[0m
  [1m[35mTodoList Load (0.1ms)[0m  SELECT  "todo_lists".* FROM "todo_lists" WHERE "todo_lists"."list_name" = ? LIMIT 1  [["list_name", "mylist"]]
  [1m[36mUser Load (0.7ms)[0m  [1mSELECT "users".* FROM "users"[0m
  [1m[35mTodoList Load (0.1ms)[0m  SELECT "todo_lists".* FROM "todo_lists"
  [1m[36m (0.1ms)[0m  [1mbegin transaction[0m
  [1m[35mSQL (0.2ms)[0m  DELETE FROM "todo_lists" WHERE "todo_lists"."id" = ?  [["id", 1]]
  [1m[36m (4.5ms)[0m  [1mcommit transaction[0m
  [1m[35mUser Load (0.1ms)[0m  SELECT "users".* FROM "users"
  [1m[36mTodoList Load (0.1ms)[0m  [1mSELECT "todo_lists".* FROM "todo_lists"[0m
  [1m[35mUser Load (0.1ms)[0m  SELECT  "users".* FROM "users" WHERE "users"."username" = ? LIMIT 1  [["username", "joesmith"]]
  [1m[36m (0.0ms)[0m  [1mbegin transaction[0m
  [1m[35mSQL (0.2ms)[0m  INSERT INTO "users" ("username", "password_digest", "created_at", "updated_at") VALUES (?, ?, ?, ?)  [["username", "joesmith"], ["password_digest", "xxx"], ["created_at", "2016-01-20 16:08:41.509620"], ["updated_at", "2016-01-20 16:08:41.509620"]]
  [1m[36m (4.7ms)[0m  [1mcommit transaction[0m
  [1m[35mUser Load (0.1ms)[0m  SELECT  "users".* FROM "users" WHERE "users"."username" = ? LIMIT 1  [["username", "joesmith"]]
  [1m[36mUser Load (0.1ms)[0m  [1mSELECT "users".* FROM "users"[0m
  [1m[35m (0.0ms)[0m  begin transaction
  [1m[36mSQL (0.1ms)[0m  [1mDELETE FROM "users" WHERE "users"."id" = ?[0m  [["id", 3]]
  [1m[35m (14.9ms)[0m  commit transaction
  [1m[36mTodoList Load (0.2ms)[0m  [1mSELECT "todo_lists".* FROM "todo_lists"[0m
  [1m[35mUser Load (0.1ms)[0m  SELECT "users".* FROM "users"
  [1m[36mTodoList Load (0.1ms)[0m  [1mSELECT "todo_lists".* FROM "todo_lists"[0m
  [1m[35mTodoList Load (0.1ms)[0m  SELECT  "todo_lists".* FROM "todo_lists" WHERE "todo_lists"."list_name" = ? LIMIT 1  [["list_name", "mylist"]]
  [1m[36m (0.0ms)[0m  [1mbegin transaction[0m
  [1m[35mSQL (0.2ms)[0m  INSERT INTO "todo_lists" ("list_name", "list_due_date", "created_at", "updated_at") VALUES (?, ?, ?, ?)  [["list_name", "mylist"], ["list_due_date", "2016-01-20"], ["created_at", "2016-01-20 16:08:41.535665"], ["updated_at", "2016-01-20 16:08:41.535665"]]
  [1m[36m (15.3ms)[0m  [1mcommit transaction[0m
  [1m[35mTodoList Load (0.2ms)[0m  SELECT  "todo_lists".* FROM "todo_lists" WHERE "todo_lists"."list_name" = ? LIMIT 1  [["list_name", "mylist"]]
  [1m[36mUser Load (0.8ms)[0m  [1mSELECT "users".* FROM "users"[0m
  [1m[35mTodoList Load (0.1ms)[0m  SELECT "todo_lists".* FROM "todo_lists"
  [1m[36m (0.0ms)[0m  [1mbegin transaction[0m
  [1m[35mSQL (0.2ms)[0m  DELETE FROM "todo_lists" WHERE "todo_lists"."id" = ?  [["id", 2]]
  [1m[36m (7.0ms)[0m  [1mcommit transaction[0m
  [1m[35mUser Load (0.1ms)[0m  SELECT "users".* FROM "users"
  [1m[36mTodoList Load (0.1ms)[0m  [1mSELECT "todo_lists".* FROM "todo_lists"[0m
  [1m[35m (0.0ms)[0m  begin transaction
  [1m[36mSQL (0.6ms)[0m  [1mINSERT INTO "users" ("username", "password_digest", "created_at", "updated_at") VALUES (?, ?, ?, ?)[0m  [["username", "user_0"], ["password_digest", "xxx"], ["created_at", "2016-01-20 16:18:37.143091"], ["updated_at", "2016-01-20 16:18:37.143091"]]
  [1m[35m (6.3ms)[0m  commit transaction
  [1m[36m (0.1ms)[0m  [1mbegin transaction[0m
  [1m[35mSQL (0.2ms)[0m  INSERT INTO "users" ("username", "password_digest", "created_at", "updated_at") VALUES (?, ?, ?, ?)  [["username", "user_1"], ["password_digest", "xxx"], ["created_at", "2016-01-20 16:18:37.154475"], ["updated_at", "2016-01-20 16:18:37.154475"]]
  [1m[36m (4.3ms)[0m  [1mcommit transaction[0m
  [1m[35m (0.1ms)[0m  begin transaction
  [1m[36mSQL (0.2ms)[0m  [1mINSERT INTO "users" ("username", "password_digest", "created_at", "updated_at") VALUES (?, ?, ?, ?)[0m  [["username", "user_2"], ["password_digest", "xxx"], ["created_at", "2016-01-20 16:18:37.160945"], ["updated_at", "2016-01-20 16:18:37.160945"]]
  [1m[35m (5.2ms)[0m  commit transaction
  [1m[36m (0.1ms)[0m  [1mbegin transaction[0m
  [1m[35mSQL (0.2ms)[0m  INSERT INTO "users" ("username", "password_digest", "created_at", "updated_at") VALUES (?, ?, ?, ?)  [["username", "user_3"], ["password_digest", "xxx"], ["created_at", "2016-01-20 16:18:37.168092"], ["updated_at", "2016-01-20 16:18:37.168092"]]
  [1m[36m (6.4ms)[0m  [1mcommit transaction[0m
  [1m[35m (0.1ms)[0m  begin transaction
  [1m[36mSQL (0.2ms)[0m  [1mINSERT INTO "users" ("username", "password_digest", "created_at", "updated_at") VALUES (?, ?, ?, ?)[0m  [["username", "user_4"], ["password_digest", "xxx"], ["created_at", "2016-01-20 16:18:37.176467"], ["updated_at", "2016-01-20 16:18:37.176467"]]
  [1m[35m (5.8ms)[0m  commit transaction
  [1m[36m (0.1ms)[0m  [1mbegin transaction[0m
  [1m[35mSQL (0.2ms)[0m  INSERT INTO "users" ("username", "password_digest", "created_at", "updated_at") VALUES (?, ?, ?, ?)  [["username", "user_5"], ["password_digest", "xxx"], ["created_at", "2016-01-20 16:18:37.183751"], ["updated_at", "2016-01-20 16:18:37.183751"]]
  [1m[36m (15.2ms)[0m  [1mcommit transaction[0m
  [1m[35m (0.1ms)[0m  begin transaction
  [1m[36mSQL (0.2ms)[0m  [1mINSERT INTO "users" ("username", "password_digest", "created_at", "updated_at") VALUES (?, ?, ?, ?)[0m  [["username", "user_6"], ["password_digest", "xxx"], ["created_at", "2016-01-20 16:18:37.200976"], ["updated_at", "2016-01-20 16:18:37.200976"]]
  [1m[35m (15.3ms)[0m  commit transaction
  [1m[36m (0.1ms)[0m  [1mbegin transaction[0m
  [1m[35mSQL (0.1ms)[0m  INSERT INTO "users" ("username", "password_digest", "created_at", "updated_at") VALUES (?, ?, ?, ?)  [["username", "user_7"], ["password_digest", "xxx"], ["created_at", "2016-01-20 16:18:37.218427"], ["updated_at", "2016-01-20 16:18:37.218427"]]
  [1m[36m (20.4ms)[0m  [1mcommit transaction[0m
  [1m[35m (0.0ms)[0m  begin transaction
  [1m[36mSQL (0.1ms)[0m  [1mINSERT INTO "users" ("username", "password_digest", "created_at", "updated_at") VALUES (?, ?, ?, ?)[0m  [["username", "user_8"], ["password_digest", "xxx"], ["created_at", "2016-01-20 16:18:37.239907"], ["updated_at", "2016-01-20 16:18:37.239907"]]
  [1m[35m (15.1ms)[0m  commit transaction
  [1m[36m (0.0ms)[0m  [1mbegin transaction[0m
  [1m[35mSQL (0.1ms)[0m  INSERT INTO "users" ("username", "password_digest", "created_at", "updated_at") VALUES (?, ?, ?, ?)  [["username", "user_9"], ["password_digest", "xxx"], ["created_at", "2016-01-20 16:18:37.255932"], ["updated_at", "2016-01-20 16:18:37.255932"]]
  [1m[36m (15.2ms)[0m  [1mcommit transaction[0m
  [1m[35m (0.1ms)[0m  begin transaction
  [1m[36mSQL (0.1ms)[0m  [1mINSERT INTO "users" ("username", "password_digest", "created_at", "updated_at") VALUES (?, ?, ?, ?)[0m  [["username", "user_10"], ["password_digest", "xxx"], ["created_at", "2016-01-20 16:18:37.272213"], ["updated_at", "2016-01-20 16:18:37.272213"]]
  [1m[35m (15.4ms)[0m  commit transaction
  [1m[36m (0.1ms)[0m  [1mbegin transaction[0m
  [1m[35mSQL (0.2ms)[0m  INSERT INTO "users" ("username", "password_digest", "created_at", "updated_at") VALUES (?, ?, ?, ?)  [["username", "user_11"], ["password_digest", "xxx"], ["created_at", "2016-01-20 16:18:37.288826"], ["updated_at", "2016-01-20 16:18:37.288826"]]
  [1m[36m (15.6ms)[0m  [1mcommit transaction[0m
  [1m[35m (0.1ms)[0m  begin transaction
  [1m[36mSQL (0.2ms)[0m  [1mINSERT INTO "users" ("username", "password_digest", "created_at", "updated_at") VALUES (?, ?, ?, ?)[0m  [["username", "user_12"], ["password_digest", "xxx"], ["created_at", "2016-01-20 16:18:37.306263"], ["updated_at", "2016-01-20 16:18:37.306263"]]
  [1m[35m (8.2ms)[0m  commit transaction
  [1m[36m (0.0ms)[0m  [1mbegin transaction[0m
  [1m[35mSQL (0.1ms)[0m  INSERT INTO "users" ("username", "password_digest", "created_at", "updated_at") VALUES (?, ?, ?, ?)  [["username", "user_13"], ["password_digest", "xxx"], ["created_at", "2016-01-20 16:18:37.315952"], ["updated_at", "2016-01-20 16:18:37.315952"]]
  [1m[36m (3.8ms)[0m  [1mcommit transaction[0m
  [1m[35m (0.0ms)[0m  begin transaction
  [1m[36mSQL (0.1ms)[0m  [1mINSERT INTO "users" ("username", "password_digest", "created_at", "updated_at") VALUES (?, ?, ?, ?)[0m  [["username", "user_14"], ["password_digest", "xxx"], ["created_at", "2016-01-20 16:18:37.320777"], ["updated_at", "2016-01-20 16:18:37.320777"]]
  [1m[35m (3.8ms)[0m  commit transaction
  [1m[36m (0.0ms)[0m  [1mbegin transaction[0m
  [1m[35mSQL (0.1ms)[0m  INSERT INTO "users" ("username", "password_digest", "created_at", "updated_at") VALUES (?, ?, ?, ?)  [["username", "user_15"], ["password_digest", "xxx"], ["created_at", "2016-01-20 16:18:37.325627"], ["updated_at", "2016-01-20 16:18:37.325627"]]
  [1m[36m (4.5ms)[0m  [1mcommit transaction[0m
  [1m[35m (0.0ms)[0m  begin transaction
  [1m[36mSQL (0.2ms)[0m  [1mINSERT INTO "users" ("username", "password_digest", "created_at", "updated_at") VALUES (?, ?, ?, ?)[0m  [["username", "user_16"], ["password_digest", "xxx"], ["created_at", "2016-01-20 16:18:37.331071"], ["updated_at", "2016-01-20 16:18:37.331071"]]
  [1m[35m (4.2ms)[0m  commit transaction
  [1m[36m (0.1ms)[0m  [1mbegin transaction[0m
  [1m[35mSQL (0.2ms)[0m  INSERT INTO "users" ("username", "password_digest", "created_at", "updated_at") VALUES (?, ?, ?, ?)  [["username", "user_17"], ["password_digest", "xxx"], ["created_at", "2016-01-20 16:18:37.336743"], ["updated_at", "2016-01-20 16:18:37.336743"]]
  [1m[36m (4.9ms)[0m  [1mcommit transaction[0m
  [1m[35m (0.1ms)[0m  begin transaction
  [1m[36mSQL (0.1ms)[0m  [1mINSERT INTO "users" ("username", "password_digest", "created_at", "updated_at") VALUES (?, ?, ?, ?)[0m  [["username", "user_18"], ["password_digest", "xxx"], ["created_at", "2016-01-20 16:18:37.343375"], ["updated_at", "2016-01-20 16:18:37.343375"]]
  [1m[35m (4.0ms)[0m  commit transaction
  [1m[36m (0.1ms)[0m  [1mbegin transaction[0m
  [1m[35mSQL (0.1ms)[0m  INSERT INTO "users" ("username", "password_digest", "created_at", "updated_at") VALUES (?, ?, ?, ?)  [["username", "user_19"], ["password_digest", "xxx"], ["created_at", "2016-01-20 16:18:37.348611"], ["updated_at", "2016-01-20 16:18:37.348611"]]
  [1m[36m (3.9ms)[0m  [1mcommit transaction[0m
  [1m[35m (0.1ms)[0m  begin transaction
  [1m[36mSQL (0.1ms)[0m  [1mINSERT INTO "users" ("username", "password_digest", "created_at", "updated_at") VALUES (?, ?, ?, ?)[0m  [["username", "user_20"], ["password_digest", "xxx"], ["created_at", "2016-01-20 16:18:37.353760"], ["updated_at", "2016-01-20 16:18:37.353760"]]
  [1m[35m (13.5ms)[0m  commit transaction
  [1m[36mUser Load (0.3ms)[0m  [1mSELECT  "users".* FROM "users"  ORDER BY "users"."updated_at" ASC LIMIT 10 OFFSET 0[0m
  [1m[35mUser Load (0.2ms)[0m  SELECT  "users".* FROM "users"  ORDER BY "users"."updated_at" ASC LIMIT 5 OFFSET 10
  [1m[36mUser Load (0.8ms)[0m  [1mSELECT "users".* FROM "users"[0m
  [1m[35m (0.1ms)[0m  begin transaction
  [1m[36mSQL (0.2ms)[0m  [1mDELETE FROM "users" WHERE "users"."id" = ?[0m  [["id", 4]]
  [1m[35m (17.6ms)[0m  commit transaction
  [1m[36m (0.0ms)[0m  [1mbegin transaction[0m
  [1m[35mSQL (0.1ms)[0m  DELETE FROM "users" WHERE "users"."id" = ?  [["id", 5]]
  [1m[36m (12.7ms)[0m  [1mcommit transaction[0m
  [1m[35m (0.1ms)[0m  begin transaction
  [1m[36mSQL (0.2ms)[0m  [1mDELETE FROM "users" WHERE "users"."id" = ?[0m  [["id", 6]]
  [1m[35m (5.7ms)[0m  commit transaction
  [1m[36m (0.0ms)[0m  [1mbegin transaction[0m
  [1m[35mSQL (0.1ms)[0m  DELETE FROM "users" WHERE "users"."id" = ?  [["id", 7]]
  [1m[36m (4.1ms)[0m  [1mcommit transaction[0m
  [1m[35m (0.1ms)[0m  begin transaction
  [1m[36mSQL (0.1ms)[0m  [1mDELETE FROM "users" WHERE "users"."id" = ?[0m  [["id", 8]]
  [1m[35m (5.0ms)[0m  commit transaction
  [1m[36m (0.1ms)[0m  [1mbegin transaction[0m
  [1m[35mSQL (0.2ms)[0m  DELETE FROM "users" WHERE "users"."id" = ?  [["id", 9]]
  [1m[36m (4.8ms)[0m  [1mcommit transaction[0m
  [1m[35m (0.1ms)[0m  begin transaction
  [1m[36mSQL (0.2ms)[0m  [1mDELETE FROM "users" WHERE "users"."id" = ?[0m  [["id", 10]]
  [1m[35m (5.3ms)[0m  commit transaction
  [1m[36m (0.1ms)[0m  [1mbegin transaction[0m
  [1m[35mSQL (0.2ms)[0m  DELETE FROM "users" WHERE "users"."id" = ?  [["id", 11]]
  [1m[36m (4.5ms)[0m  [1mcommit transaction[0m
  [1m[35m (0.1ms)[0m  begin transaction
  [1m[36mSQL (0.2ms)[0m  [1mDELETE FROM "users" WHERE "users"."id" = ?[0m  [["id", 12]]
  [1m[35m (5.4ms)[0m  commit transaction
  [1m[36m (0.1ms)[0m  [1mbegin transaction[0m
  [1m[35mSQL (0.2ms)[0m  DELETE FROM "users" WHERE "users"."id" = ?  [["id", 13]]
  [1m[36m (4.6ms)[0m  [1mcommit transaction[0m
  [1m[35m (0.1ms)[0m  begin transaction
  [1m[36mSQL (0.2ms)[0m  [1mDELETE FROM "users" WHERE "users"."id" = ?[0m  [["id", 14]]
  [1m[35m (15.8ms)[0m  commit transaction
  [1m[36m (0.1ms)[0m  [1mbegin transaction[0m
  [1m[35mSQL (0.2ms)[0m  DELETE FROM "users" WHERE "users"."id" = ?  [["id", 15]]
  [1m[36m (15.4ms)[0m  [1mcommit transaction[0m
  [1m[35m (0.0ms)[0m  begin transaction
  [1m[36mSQL (0.1ms)[0m  [1mDELETE FROM "users" WHERE "users"."id" = ?[0m  [["id", 16]]
  [1m[35m (15.1ms)[0m  commit transaction
  [1m[36m (0.1ms)[0m  [1mbegin transaction[0m
  [1m[35mSQL (0.1ms)[0m  DELETE FROM "users" WHERE "users"."id" = ?  [["id", 17]]
  [1m[36m (15.7ms)[0m  [1mcommit transaction[0m
  [1m[35m (0.1ms)[0m  begin transaction
  [1m[36mSQL (0.2ms)[0m  [1mDELETE FROM "users" WHERE "users"."id" = ?[0m  [["id", 18]]
  [1m[35m (15.6ms)[0m  commit transaction
  [1m[36m (0.1ms)[0m  [1mbegin transaction[0m
  [1m[35mSQL (0.2ms)[0m  DELETE FROM "users" WHERE "users"."id" = ?  [["id", 19]]
  [1m[36m (15.9ms)[0m  [1mcommit transaction[0m
  [1m[35m (0.1ms)[0m  begin transaction
  [1m[36mSQL (0.1ms)[0m  [1mDELETE FROM "users" WHERE "users"."id" = ?[0m  [["id", 20]]
  [1m[35m (15.8ms)[0m  commit transaction
  [1m[36m (0.1ms)[0m  [1mbegin transaction[0m
  [1m[35mSQL (0.1ms)[0m  DELETE FROM "users" WHERE "users"."id" = ?  [["id", 21]]
  [1m[36m (15.7ms)[0m  [1mcommit transaction[0m
  [1m[35m (0.1ms)[0m  begin transaction
  [1m[36mSQL (0.1ms)[0m  [1mDELETE FROM "users" WHERE "users"."id" = ?[0m  [["id", 22]]
  [1m[35m (6.1ms)[0m  commit transaction
  [1m[36m (0.1ms)[0m  [1mbegin transaction[0m
  [1m[35mSQL (0.1ms)[0m  DELETE FROM "users" WHERE "users"."id" = ?  [["id", 23]]
  [1m[36m (4.1ms)[0m  [1mcommit transaction[0m
  [1m[35m (0.1ms)[0m  begin transaction
  [1m[36mSQL (0.1ms)[0m  [1mDELETE FROM "users" WHERE "users"."id" = ?[0m  [["id", 24]]
  [1m[35m (4.9ms)[0m  commit transaction
  [1m[36mTodoList Load (0.2ms)[0m  [1mSELECT "todo_lists".* FROM "todo_lists"[0m
  [1m[35mUser Load (0.2ms)[0m  SELECT "users".* FROM "users"
  [1m[36mTodoList Load (0.1ms)[0m  [1mSELECT "todo_lists".* FROM "todo_lists"[0m
  [1m[35m (0.1ms)[0m  begin transaction
  [1m[36mSQL (0.2ms)[0m  [1mINSERT INTO "todo_lists" ("list_name", "list_due_date", "created_at", "updated_at") VALUES (?, ?, ?, ?)[0m  [["list_name", "list_0"], ["list_due_date", "2016-01-20"], ["created_at", "2016-01-20 16:20:38.927849"], ["updated_at", "2016-01-20 16:20:38.927849"]]
  [1m[35m (6.3ms)[0m  commit transaction
  [1m[36m (0.0ms)[0m  [1mbegin transaction[0m
  [1m[35mSQL (0.1ms)[0m  INSERT INTO "todo_lists" ("list_name", "list_due_date", "created_at", "updated_at") VALUES (?, ?, ?, ?)  [["list_name", "list_1"], ["list_due_date", "2016-01-21"], ["created_at", "2016-01-20 16:20:38.936009"], ["updated_at", "2016-01-20 16:20:38.936009"]]
  [1m[36m (4.0ms)[0m  [1mcommit transaction[0m
  [1m[35m (0.0ms)[0m  begin transaction
  [1m[36mSQL (0.1ms)[0m  [1mINSERT INTO "todo_lists" ("list_name", "list_due_date", "created_at", "updated_at") VALUES (?, ?, ?, ?)[0m  [["list_name", "list_2"], ["list_due_date", "2016-01-22"], ["created_at", "2016-01-20 16:20:38.941034"], ["updated_at", "2016-01-20 16:20:38.941034"]]
  [1m[35m (3.8ms)[0m  commit transaction
  [1m[36m (0.1ms)[0m  [1mbegin transaction[0m
  [1m[35mSQL (0.3ms)[0m  INSERT INTO "todo_lists" ("list_name", "list_due_date", "created_at", "updated_at") VALUES (?, ?, ?, ?)  [["list_name", "list_3"], ["list_due_date", "2016-01-23"], ["created_at", "2016-01-20 16:20:38.946183"], ["updated_at", "2016-01-20 16:20:38.946183"]]
  [1m[36m (4.2ms)[0m  [1mcommit transaction[0m
  [1m[35m (0.1ms)[0m  begin transaction
  [1m[36mSQL (0.2ms)[0m  [1mINSERT INTO "todo_lists" ("list_name", "list_due_date", "created_at", "updated_at") VALUES (?, ?, ?, ?)[0m  [["list_name", "list_4"], ["list_due_date", "2016-01-24"], ["created_at", "2016-01-20 16:20:38.952751"], ["updated_at", "2016-01-20 16:20:38.952751"]]
  [1m[35m (4.9ms)[0m  commit transaction
  [1m[36m (0.1ms)[0m  [1mbegin transaction[0m
  [1m[35mSQL (0.3ms)[0m  INSERT INTO "todo_lists" ("list_name", "list_due_date", "created_at", "updated_at") VALUES (?, ?, ?, ?)  [["list_name", "list_5"], ["list_due_date", "2016-01-25"], ["created_at", "2016-01-20 16:20:38.960067"], ["updated_at", "2016-01-20 16:20:38.960067"]]
  [1m[36m (13.5ms)[0m  [1mcommit transaction[0m
  [1m[35m (0.1ms)[0m  begin transaction
  [1m[36mSQL (0.2ms)[0m  [1mINSERT INTO "todo_lists" ("list_name", "list_due_date", "created_at", "updated_at") VALUES (?, ?, ?, ?)[0m  [["list_name", "list_6"], ["list_due_date", "2016-01-26"], ["created_at", "2016-01-20 16:20:38.976062"], ["updated_at", "2016-01-20 16:20:38.976062"]]
  [1m[35m (20.1ms)[0m  commit transaction
  [1m[36m (0.0ms)[0m  [1mbegin transaction[0m
  [1m[35mSQL (0.1ms)[0m  INSERT INTO "todo_lists" ("list_name", "list_due_date", "created_at", "updated_at") VALUES (?, ?, ?, ?)  [["list_name", "list_7"], ["list_due_date", "2016-01-27"], ["created_at", "2016-01-20 16:20:38.997626"], ["updated_at", "2016-01-20 16:20:38.997626"]]
  [1m[36m (15.0ms)[0m  [1mcommit transaction[0m
  [1m[35m (0.0ms)[0m  begin transaction
  [1m[36mSQL (0.1ms)[0m  [1mINSERT INTO "todo_lists" ("list_name", "list_due_date", "created_at", "updated_at") VALUES (?, ?, ?, ?)[0m  [["list_name", "list_8"], ["list_due_date", "2016-01-28"], ["created_at", "2016-01-20 16:20:39.013562"], ["updated_at", "2016-01-20 16:20:39.013562"]]
  [1m[35m (12.5ms)[0m  commit transaction
  [1m[36m (0.0ms)[0m  [1mbegin transaction[0m
  [1m[35mSQL (0.1ms)[0m  INSERT INTO "todo_lists" ("list_name", "list_due_date", "created_at", "updated_at") VALUES (?, ?, ?, ?)  [["list_name", "list_9"], ["list_due_date", "2016-01-29"], ["created_at", "2016-01-20 16:20:39.026982"], ["updated_at", "2016-01-20 16:20:39.026982"]]
  [1m[36m (20.0ms)[0m  [1mcommit transaction[0m
  [1m[35m (0.1ms)[0m  begin transaction
  [1m[36mSQL (0.1ms)[0m  [1mINSERT INTO "todo_lists" ("list_name", "list_due_date", "created_at", "updated_at") VALUES (?, ?, ?, ?)[0m  [["list_name", "list_10"], ["list_due_date", "2016-01-30"], ["created_at", "2016-01-20 16:20:39.048001"], ["updated_at", "2016-01-20 16:20:39.048001"]]
  [1m[35m (15.1ms)[0m  commit transaction
  [1m[36m (0.1ms)[0m  [1mbegin transaction[0m
  [1m[35mSQL (0.1ms)[0m  INSERT INTO "todo_lists" ("list_name", "list_due_date", "created_at", "updated_at") VALUES (?, ?, ?, ?)  [["list_name", "list_11"], ["list_due_date", "2016-01-31"], ["created_at", "2016-01-20 16:20:39.064205"], ["updated_at", "2016-01-20 16:20:39.064205"]]
  [1m[36m (15.3ms)[0m  [1mcommit transaction[0m
  [1m[35m (0.1ms)[0m  begin transaction
  [1m[36mSQL (0.1ms)[0m  [1mINSERT INTO "todo_lists" ("list_name", "list_due_date", "created_at", "updated_at") VALUES (?, ?, ?, ?)[0m  [["list_name", "list_12"], ["list_due_date", "2016-02-01"], ["created_at", "2016-01-20 16:20:39.080670"], ["updated_at", "2016-01-20 16:20:39.080670"]]
  [1m[35m (11.9ms)[0m  commit transaction
  [1m[36m (0.1ms)[0m  [1mbegin transaction[0m
  [1m[35mSQL (0.2ms)[0m  INSERT INTO "todo_lists" ("list_name", "list_due_date", "created_at", "updated_at") VALUES (?, ?, ?, ?)  [["list_name", "list_13"], ["list_due_date", "2016-02-02"], ["created_at", "2016-01-20 16:20:39.093944"], ["updated_at", "2016-01-20 16:20:39.093944"]]
  [1m[36m (5.1ms)[0m  [1mcommit transaction[0m
  [1m[35m (0.1ms)[0m  begin transaction
  [1m[36mSQL (0.2ms)[0m  [1mINSERT INTO "todo_lists" ("list_name", "list_due_date", "created_at", "updated_at") VALUES (?, ?, ?, ?)[0m  [["list_name", "list_14"], ["list_due_date", "2016-02-03"], ["created_at", "2016-01-20 16:20:39.100849"], ["updated_at", "2016-01-20 16:20:39.100849"]]
  [1m[35m (5.2ms)[0m  commit transaction
  [1m[36m (0.1ms)[0m  [1mbegin transaction[0m
  [1m[35mSQL (0.2ms)[0m  INSERT INTO "todo_lists" ("list_name", "list_due_date", "created_at", "updated_at") VALUES (?, ?, ?, ?)  [["list_name", "list_15"], ["list_due_date", "2016-02-04"], ["created_at", "2016-01-20 16:20:39.107630"], ["updated_at", "2016-01-20 16:20:39.107630"]]
  [1m[36m (4.5ms)[0m  [1mcommit transaction[0m
  [1m[35m (0.1ms)[0m  begin transaction
  [1m[36mSQL (0.2ms)[0m  [1mINSERT INTO "todo_lists" ("list_name", "list_due_date", "created_at", "updated_at") VALUES (?, ?, ?, ?)[0m  [["list_name", "list_16"], ["list_due_date", "2016-02-05"], ["created_at", "2016-01-20 16:20:39.113870"], ["updated_at", "2016-01-20 16:20:39.113870"]]
  [1m[35m (5.0ms)[0m  commit transaction
  [1m[36m (0.1ms)[0m  [1mbegin transaction[0m
  [1m[35mSQL (0.2ms)[0m  INSERT INTO "todo_lists" ("list_name", "list_due_date", "created_at", "updated_at") VALUES (?, ?, ?, ?)  [["list_name", "list_17"], ["list_due_date", "2016-02-06"], ["created_at", "2016-01-20 16:20:39.120603"], ["updated_at", "2016-01-20 16:20:39.120603"]]
  [1m[36m (5.4ms)[0m  [1mcommit transaction[0m
  [1m[35m (0.1ms)[0m  begin transaction
  [1m[36mSQL (0.2ms)[0m  [1mINSERT INTO "todo_lists" ("list_name", "list_due_date", "created_at", "updated_at") VALUES (?, ?, ?, ?)[0m  [["list_name", "list_18"], ["list_due_date", "2016-02-07"], ["created_at", "2016-01-20 16:20:39.127743"], ["updated_at", "2016-01-20 16:20:39.127743"]]
  [1m[35m (6.6ms)[0m  commit transaction
  [1m[36m (0.1ms)[0m  [1mbegin transaction[0m
  [1m[35mSQL (0.2ms)[0m  INSERT INTO "todo_lists" ("list_name", "list_due_date", "created_at", "updated_at") VALUES (?, ?, ?, ?)  [["list_name", "list_19"], ["list_due_date", "2016-02-08"], ["created_at", "2016-01-20 16:20:39.136436"], ["updated_at", "2016-01-20 16:20:39.136436"]]
  [1m[36m (13.7ms)[0m  [1mcommit transaction[0m
  [1m[35m (0.1ms)[0m  begin transaction
  [1m[36mSQL (0.2ms)[0m  [1mINSERT INTO "todo_lists" ("list_name", "list_due_date", "created_at", "updated_at") VALUES (?, ?, ?, ?)[0m  [["list_name", "list_20"], ["list_due_date", "2016-02-09"], ["created_at", "2016-01-20 16:20:39.152472"], ["updated_at", "2016-01-20 16:20:39.152472"]]
  [1m[35m (15.5ms)[0m  commit transaction
  [1m[36mTodoList Load (0.4ms)[0m  [1mSELECT  "todo_lists".* FROM "todo_lists"  ORDER BY "todo_lists"."list_due_date" DESC LIMIT 10 OFFSET 0[0m
  [1m[35mTodoList Load (0.3ms)[0m  SELECT  "todo_lists".* FROM "todo_lists"  ORDER BY "todo_lists"."list_due_date" DESC LIMIT 5 OFFSET 10
  [1m[36mUser Load (0.7ms)[0m  [1mSELECT "users".* FROM "users"[0m
  [1m[35mTodoList Load (0.1ms)[0m  SELECT "todo_lists".* FROM "todo_lists"
  [1m[36m (0.0ms)[0m  [1mbegin transaction[0m
  [1m[35mSQL (0.2ms)[0m  DELETE FROM "todo_lists" WHERE "todo_lists"."id" = ?  [["id", 3]]
  [1m[36m (17.8ms)[0m  [1mcommit transaction[0m
  [1m[35m (0.0ms)[0m  begin transaction
  [1m[36mSQL (0.1ms)[0m  [1mDELETE FROM "todo_lists" WHERE "todo_lists"."id" = ?[0m  [["id", 4]]
  [1m[35m (6.1ms)[0m  commit transaction
  [1m[36m (0.1ms)[0m  [1mbegin transaction[0m
  [1m[35mSQL (0.2ms)[0m  DELETE FROM "todo_lists" WHERE "todo_lists"."id" = ?  [["id", 5]]
  [1m[36m (7.1ms)[0m  [1mcommit transaction[0m
  [1m[35m (0.1ms)[0m  begin transaction
  [1m[36mSQL (0.1ms)[0m  [1mDELETE FROM "todo_lists" WHERE "todo_lists"."id" = ?[0m  [["id", 6]]
  [1m[35m (4.3ms)[0m  commit transaction
  [1m[36m (0.1ms)[0m  [1mbegin transaction[0m
  [1m[35mSQL (0.1ms)[0m  DELETE FROM "todo_lists" WHERE "todo_lists"."id" = ?  [["id", 7]]
  [1m[36m (5.0ms)[0m  [1mcommit transaction[0m
  [1m[35m (0.1ms)[0m  begin transaction
  [1m[36mSQL (0.1ms)[0m  [1mDELETE FROM "todo_lists" WHERE "todo_lists"."id" = ?[0m  [["id", 8]]
  [1m[35m (4.0ms)[0m  commit transaction
  [1m[36m (0.1ms)[0m  [1mbegin transaction[0m
  [1m[35mSQL (0.1ms)[0m  DELETE FROM "todo_lists" WHERE "todo_lists"."id" = ?  [["id", 9]]
  [1m[36m (4.1ms)[0m  [1mcommit transaction[0m
  [1m[35m (0.1ms)[0m  begin transaction
  [1m[36mSQL (0.1ms)[0m  [1mDELETE FROM "todo_lists" WHERE "todo_lists"."id" = ?[0m  [["id", 10]]
  [1m[35m (4.2ms)[0m  commit transaction
  [1m[36m (0.1ms)[0m  [1mbegin transaction[0m
  [1m[35mSQL (0.1ms)[0m  DELETE FROM "todo_lists" WHERE "todo_lists"."id" = ?  [["id", 11]]
  [1m[36m (5.0ms)[0m  [1mcommit transaction[0m
  [1m[35m (0.1ms)[0m  begin transaction
  [1m[36mSQL (0.1ms)[0m  [1mDELETE FROM "todo_lists" WHERE "todo_lists"."id" = ?[0m  [["id", 12]]
  [1m[35m (9.6ms)[0m  commit transaction
  [1m[36m (0.1ms)[0m  [1mbegin transaction[0m
  [1m[35mSQL (0.2ms)[0m  DELETE FROM "todo_lists" WHERE "todo_lists"."id" = ?  [["id", 13]]
  [1m[36m (20.4ms)[0m  [1mcommit transaction[0m
  [1m[35m (0.1ms)[0m  begin transaction
  [1m[36mSQL (0.1ms)[0m  [1mDELETE FROM "todo_lists" WHERE "todo_lists"."id" = ?[0m  [["id", 14]]
  [1m[35m (15.3ms)[0m  commit transaction
  [1m[36m (0.1ms)[0m  [1mbegin transaction[0m
  [1m[35mSQL (0.2ms)[0m  DELETE FROM "todo_lists" WHERE "todo_lists"."id" = ?  [["id", 15]]
  [1m[36m (15.7ms)[0m  [1mcommit transaction[0m
  [1m[35m (0.1ms)[0m  begin transaction
  [1m[36mSQL (0.1ms)[0m  [1mDELETE FROM "todo_lists" WHERE "todo_lists"."id" = ?[0m  [["id", 16]]
  [1m[35m (15.3ms)[0m  commit transaction
  [1m[36m (0.1ms)[0m  [1mbegin transaction[0m
  [1m[35mSQL (0.1ms)[0m  DELETE FROM "todo_lists" WHERE "todo_lists"."id" = ?  [["id", 17]]
  [1m[36m (15.4ms)[0m  [1mcommit transaction[0m
  [1m[35m (0.1ms)[0m  begin transaction
  [1m[36mSQL (0.2ms)[0m  [1mDELETE FROM "todo_lists" WHERE "todo_lists"."id" = ?[0m  [["id", 18]]
  [1m[35m (15.4ms)[0m  commit transaction
  [1m[36m (0.1ms)[0m  [1mbegin transaction[0m
  [1m[35mSQL (0.1ms)[0m  DELETE FROM "todo_lists" WHERE "todo_lists"."id" = ?  [["id", 19]]
  [1m[36m (15.2ms)[0m  [1mcommit transaction[0m
  [1m[35m (0.1ms)[0m  begin transaction
  [1m[36mSQL (0.1ms)[0m  [1mDELETE FROM "todo_lists" WHERE "todo_lists"."id" = ?[0m  [["id", 20]]
  [1m[35m (4.0ms)[0m  commit transaction
  [1m[36m (0.0ms)[0m  [1mbegin transaction[0m
  [1m[35mSQL (0.1ms)[0m  DELETE FROM "todo_lists" WHERE "todo_lists"."id" = ?  [["id", 21]]
  [1m[36m (5.1ms)[0m  [1mcommit transaction[0m
  [1m[35m (0.1ms)[0m  begin transaction
  [1m[36mSQL (0.2ms)[0m  [1mDELETE FROM "todo_lists" WHERE "todo_lists"."id" = ?[0m  [["id", 22]]
  [1m[35m (4.8ms)[0m  commit transaction
  [1m[36m (0.1ms)[0m  [1mbegin transaction[0m
  [1m[35mSQL (0.2ms)[0m  DELETE FROM "todo_lists" WHERE "todo_lists"."id" = ?  [["id", 23]]
  [1m[36m (5.4ms)[0m  [1mcommit transaction[0m
  [1m[35mUser Load (0.3ms)[0m  SELECT "users".* FROM "users"
  [1m[36mTodoList Load (0.1ms)[0m  [1mSELECT "todo_lists".* FROM "todo_lists"[0m
  [1m[35m (0.0ms)[0m  begin transaction
  [1m[36mSQL (0.2ms)[0m  [1mINSERT INTO "users" ("username", "password_digest", "created_at", "updated_at") VALUES (?, ?, ?, ?)[0m  [["username", "rich"], ["password_digest", "xxx"], ["created_at", "2016-01-20 16:21:58.345769"], ["updated_at", "2016-01-20 16:21:58.345769"]]
  [1m[35m (6.3ms)[0m  commit transaction
  [1m[36m (0.0ms)[0m  [1mbegin transaction[0m
  [1m[35mSQL (0.1ms)[0m  INSERT INTO "users" ("username", "password_digest", "created_at", "updated_at") VALUES (?, ?, ?, ?)  [["username", "bob"], ["password_digest", "xxx"], ["created_at", "2016-01-20 16:21:58.353416"], ["updated_at", "2016-01-20 16:21:58.353416"]]
  [1m[36m (4.7ms)[0m  [1mcommit transaction[0m
  [1m[35m (0.1ms)[0m  begin transaction
  [1m[36mSQL (0.2ms)[0m  [1mINSERT INTO "users" ("username", "password_digest", "created_at", "updated_at") VALUES (?, ?, ?, ?)[0m  [["username", "joe"], ["password_digest", "xxx"], ["created_at", "2016-01-20 16:21:58.359149"], ["updated_at", "2016-01-20 16:21:58.359149"]]
  [1m[35m (4.0ms)[0m  commit transaction
  [1m[36m (0.1ms)[0m  [1mbegin transaction[0m
  [1m[35mSQL (0.2ms)[0m  INSERT INTO "users" ("username", "password_digest", "created_at", "updated_at") VALUES (?, ?, ?, ?)  [["username", "rich"], ["password_digest", "xxx"], ["created_at", "2016-01-20 16:21:58.364737"], ["updated_at", "2016-01-20 16:21:58.364737"]]
  [1m[36m (4.8ms)[0m  [1mcommit transaction[0m
  [1m[35mUser Load (0.3ms)[0m  SELECT  "users".* FROM "users" WHERE "users"."username" = ? LIMIT 1  [["username", "rich"]]
  [1m[36mUser Load (0.7ms)[0m  [1mSELECT "users".* FROM "users"[0m
  [1m[35m (0.0ms)[0m  begin transaction
  [1m[36mSQL (0.2ms)[0m  [1mDELETE FROM "users" WHERE "users"."id" = ?[0m  [["id", 25]]
  [1m[35m (17.4ms)[0m  commit transaction
  [1m[36m (0.0ms)[0m  [1mbegin transaction[0m
  [1m[35mSQL (0.1ms)[0m  DELETE FROM "users" WHERE "users"."id" = ?  [["id", 26]]
  [1m[36m (14.8ms)[0m  [1mcommit transaction[0m
  [1m[35m (0.0ms)[0m  begin transaction
  [1m[36mSQL (0.1ms)[0m  [1mDELETE FROM "users" WHERE "users"."id" = ?[0m  [["id", 27]]
  [1m[35m (12.7ms)[0m  commit transaction
  [1m[36m (0.1ms)[0m  [1mbegin transaction[0m
  [1m[35mSQL (0.1ms)[0m  DELETE FROM "users" WHERE "users"."id" = ?  [["id", 28]]
  [1m[36m (8.4ms)[0m  [1mcommit transaction[0m
  [1m[35mTodoList Load (0.3ms)[0m  SELECT "todo_lists".* FROM "todo_lists"
  [1m[36mUser Load (0.1ms)[0m  [1mSELECT "users".* FROM "users"[0m
  [1m[35mTodoList Load (0.1ms)[0m  SELECT "todo_lists".* FROM "todo_lists"
  [1m[36m (0.1ms)[0m  [1mbegin transaction[0m
  [1m[35mSQL (0.2ms)[0m  INSERT INTO "users" ("username", "password_digest", "created_at", "updated_at") VALUES (?, ?, ?, ?)  [["username", "rich"], ["password_digest", "xxx"], ["created_at", "2016-01-20 16:22:42.843492"], ["updated_at", "2016-01-20 16:22:42.843492"]]
  [1m[36m (4.0ms)[0m  [1mcommit transaction[0m
  [1m[35m (0.0ms)[0m  begin transaction
  [1m[36mSQL (0.1ms)[0m  [1mINSERT INTO "users" ("username", "password_digest", "created_at", "updated_at") VALUES (?, ?, ?, ?)[0m  [["username", "bob"], ["password_digest", "xxx"], ["created_at", "2016-01-20 16:22:42.849401"], ["updated_at", "2016-01-20 16:22:42.849401"]]
  [1m[35m (5.0ms)[0m  commit transaction
  [1m[36m (0.1ms)[0m  [1mbegin transaction[0m
  [1m[35mSQL (0.2ms)[0m  INSERT INTO "users" ("username", "password_digest", "created_at", "updated_at") VALUES (?, ?, ?, ?)  [["username", "joe"], ["password_digest", "xxx"], ["created_at", "2016-01-20 16:22:42.855781"], ["updated_at", "2016-01-20 16:22:42.855781"]]
  [1m[36m (4.1ms)[0m  [1mcommit transaction[0m
  [1m[35m (0.1ms)[0m  begin transaction
  [1m[36mSQL (0.1ms)[0m  [1mINSERT INTO "users" ("username", "password_digest", "created_at", "updated_at") VALUES (?, ?, ?, ?)[0m  [["username", "rich"], ["password_digest", "xxx"], ["created_at", "2016-01-20 16:22:42.861568"], ["updated_at", "2016-01-20 16:22:42.861568"]]
  [1m[35m (4.8ms)[0m  commit transaction
  [1m[36mUser Load (0.3ms)[0m  [1mSELECT  "users".* FROM "users" WHERE "users"."username" = ? LIMIT 1[0m  [["username", "rich"]]
  [1m[36mUser Load (0.9ms)[0m  [1mSELECT "users".* FROM "users"[0m
  [1m[35m (0.1ms)[0m  begin transaction
  [1m[36mSQL (0.2ms)[0m  [1mDELETE FROM "users" WHERE "users"."id" = ?[0m  [["id", 29]]
  [1m[35m (7.1ms)[0m  commit transaction
  [1m[36m (0.0ms)[0m  [1mbegin transaction[0m
  [1m[35mSQL (0.1ms)[0m  DELETE FROM "users" WHERE "users"."id" = ?  [["id", 30]]
  [1m[36m (4.6ms)[0m  [1mcommit transaction[0m
  [1m[35m (0.0ms)[0m  begin transaction
  [1m[36mSQL (0.1ms)[0m  [1mDELETE FROM "users" WHERE "users"."id" = ?[0m  [["id", 31]]
  [1m[35m (3.7ms)[0m  commit transaction
  [1m[36m (0.0ms)[0m  [1mbegin transaction[0m
  [1m[35mSQL (0.1ms)[0m  DELETE FROM "users" WHERE "users"."id" = ?  [["id", 32]]
  [1m[36m (3.8ms)[0m  [1mcommit transaction[0m
  [1m[35mTodoList Load (0.2ms)[0m  SELECT "todo_lists".* FROM "todo_lists"
  [1m[36mUser Load (0.1ms)[0m  [1mSELECT "users".* FROM "users"[0m
  [1m[35mTodoList Load (0.1ms)[0m  SELECT "todo_lists".* FROM "todo_lists"
  [1m[36m (0.1ms)[0m  [1mbegin transaction[0m
  [1m[35mSQL (0.3ms)[0m  INSERT INTO "users" ("username", "password_digest", "created_at", "updated_at") VALUES (?, ?, ?, ?)  [["username", "rich"], ["password_digest", "xxx"], ["created_at", "2016-01-20 16:23:56.996147"], ["updated_at", "2016-01-20 16:23:56.996147"]]
  [1m[36m (5.1ms)[0m  [1mcommit transaction[0m
  [1m[35m (0.1ms)[0m  begin transaction
  [1m[36mSQL (0.2ms)[0m  [1mINSERT INTO "users" ("username", "password_digest", "created_at", "updated_at") VALUES (?, ?, ?, ?)[0m  [["username", "bob"], ["password_digest", "xxx"], ["created_at", "2016-01-20 16:23:57.003856"], ["updated_at", "2016-01-20 16:23:57.003856"]]
  [1m[35m (4.4ms)[0m  commit transaction
  [1m[36m (0.1ms)[0m  [1mbegin transaction[0m
  [1m[35mSQL (0.2ms)[0m  INSERT INTO "users" ("username", "password_digest", "created_at", "updated_at") VALUES (?, ?, ?, ?)  [["username", "joe"], ["password_digest", "xxx"], ["created_at", "2016-01-20 16:23:57.010145"], ["updated_at", "2016-01-20 16:23:57.010145"]]
  [1m[36m (11.1ms)[0m  [1mcommit transaction[0m
  [1m[35m (0.1ms)[0m  begin transaction
  [1m[36mSQL (0.2ms)[0m  [1mINSERT INTO "users" ("username", "password_digest", "created_at", "updated_at") VALUES (?, ?, ?, ?)[0m  [["username", "rich"], ["password_digest", "xxx"], ["created_at", "2016-01-20 16:23:57.023029"], ["updated_at", "2016-01-20 16:23:57.023029"]]
  [1m[35m (15.3ms)[0m  commit transaction
  [1m[36mUser Load (0.2ms)[0m  [1mSELECT "users".* FROM "users" WHERE "users"."username" = ?[0m  [["username", "rich"]]
  [1m[35mUser Load (0.1ms)[0m  SELECT "users".* FROM "users" WHERE "users"."username" = ?  [["username", "joe"]]
  [1m[36mUser Load (0.8ms)[0m  [1mSELECT "users".* FROM "users"[0m
  [1m[35m (0.0ms)[0m  begin transaction
  [1m[36mSQL (0.2ms)[0m  [1mDELETE FROM "users" WHERE "users"."id" = ?[0m  [["id", 33]]
  [1m[35m (7.0ms)[0m  commit transaction
  [1m[36m (0.1ms)[0m  [1mbegin transaction[0m
  [1m[35mSQL (0.1ms)[0m  DELETE FROM "users" WHERE "users"."id" = ?  [["id", 34]]
  [1m[36m (4.0ms)[0m  [1mcommit transaction[0m
  [1m[35m (0.0ms)[0m  begin transaction
  [1m[36mSQL (0.1ms)[0m  [1mDELETE FROM "users" WHERE "users"."id" = ?[0m  [["id", 35]]
  [1m[35m (4.5ms)[0m  commit transaction
  [1m[36m (0.0ms)[0m  [1mbegin transaction[0m
  [1m[35mSQL (0.1ms)[0m  DELETE FROM "users" WHERE "users"."id" = ?  [["id", 36]]
  [1m[36m (12.0ms)[0m  [1mcommit transaction[0m
  [1m[35mTodoList Load (0.3ms)[0m  SELECT "todo_lists".* FROM "todo_lists"
  [1m[36mUser Load (0.4ms)[0m  [1mSELECT "users".* FROM "users"[0m
  [1m[35mTodoList Load (0.2ms)[0m  SELECT "todo_lists".* FROM "todo_lists"
  [1m[36m (0.0ms)[0m  [1mbegin transaction[0m
  [1m[35mSQL (0.2ms)[0m  INSERT INTO "todo_lists" ("list_name", "list_due_date", "created_at", "updated_at") VALUES (?, ?, ?, ?)  [["list_name", "My list"], ["list_due_date", "2016-01-20"], ["created_at", "2016-01-20 16:25:12.470711"], ["updated_at", "2016-01-20 16:25:12.470711"]]
  [1m[36m (15.2ms)[0m  [1mcommit transaction[0m
  [1m[35m (0.1ms)[0m  begin transaction
  [1m[36mSQL (0.1ms)[0m  [1mINSERT INTO "todo_lists" ("list_name", "list_due_date", "created_at", "updated_at") VALUES (?, ?, ?, ?)[0m  [["list_name", "Bob's list"], ["list_due_date", "2016-01-20"], ["created_at", "2016-01-20 16:25:12.487525"], ["updated_at", "2016-01-20 16:25:12.487525"]]
  [1m[35m (15.4ms)[0m  commit transaction
  [1m[36m (0.1ms)[0m  [1mbegin transaction[0m
  [1m[35mSQL (0.2ms)[0m  INSERT INTO "todo_lists" ("list_name", "list_due_date", "created_at", "updated_at") VALUES (?, ?, ?, ?)  [["list_name", "Joe's list"], ["list_due_date", "2016-01-20"], ["created_at", "2016-01-20 16:25:12.504336"], ["updated_at", "2016-01-20 16:25:12.504336"]]
  [1m[36m (16.1ms)[0m  [1mcommit transaction[0m
  [1m[35m (0.1ms)[0m  begin transaction
  [1m[36mSQL (0.1ms)[0m  [1mINSERT INTO "todo_lists" ("list_name", "list_due_date", "created_at", "updated_at") VALUES (?, ?, ?, ?)[0m  [["list_name", "My list"], ["list_due_date", "2016-01-20"], ["created_at", "2016-01-20 16:25:12.522035"], ["updated_at", "2016-01-20 16:25:12.522035"]]
  [1m[35m (15.5ms)[0m  commit transaction
  [1m[36mTodoList Load (0.3ms)[0m  [1mSELECT "todo_lists".* FROM "todo_lists" WHERE "todo_lists"."list_name" = ?[0m  [["list_name", "My list"]]
  [1m[35mTodoList Load (0.1ms)[0m  SELECT "todo_lists".* FROM "todo_lists" WHERE "todo_lists"."list_name" = ?  [["list_name", "Bob's list"]]
  [1m[36mUser Load (0.7ms)[0m  [1mSELECT "users".* FROM "users"[0m
  [1m[35mTodoList Load (0.1ms)[0m  SELECT "todo_lists".* FROM "todo_lists"
  [1m[36m (0.0ms)[0m  [1mbegin transaction[0m
  [1m[35mSQL (0.2ms)[0m  DELETE FROM "todo_lists" WHERE "todo_lists"."id" = ?  [["id", 24]]
  [1m[36m (17.5ms)[0m  [1mcommit transaction[0m
  [1m[35m (0.1ms)[0m  begin transaction
  [1m[36mSQL (0.1ms)[0m  [1mDELETE FROM "todo_lists" WHERE "todo_lists"."id" = ?[0m  [["id", 25]]
  [1m[35m (13.1ms)[0m  commit transaction
  [1m[36m (0.1ms)[0m  [1mbegin transaction[0m
  [1m[35mSQL (0.1ms)[0m  DELETE FROM "todo_lists" WHERE "todo_lists"."id" = ?  [["id", 26]]
  [1m[36m (15.6ms)[0m  [1mcommit transaction[0m
  [1m[35m (0.1ms)[0m  begin transaction
  [1m[36mSQL (0.1ms)[0m  [1mDELETE FROM "todo_lists" WHERE "todo_lists"."id" = ?[0m  [["id", 27]]
  [1m[35m (15.3ms)[0m  commit transaction
  [1m[36mUser Load (0.2ms)[0m  [1mSELECT "users".* FROM "users"[0m
  [1m[35mTodoList Load (0.1ms)[0m  SELECT "todo_lists".* FROM "todo_lists"
  [1m[36m (0.0ms)[0m  [1mbegin transaction[0m
  [1m[35mSQL (0.1ms)[0m  INSERT INTO "users" ("username", "password_digest", "created_at", "updated_at") VALUES (?, ?, ?, ?)  [["username", "joesmith"], ["password_digest", "xxx"], ["created_at", "2016-01-20 16:25:51.890480"], ["updated_at", "2016-01-20 16:25:51.890480"]]
  [1m[36m (15.2ms)[0m  [1mcommit transaction[0m
  [1m[35mUser Load (0.2ms)[0m  SELECT  "users".* FROM "users" WHERE "users"."username" = ? LIMIT 1  [["username", "joesmith"]]
  [1m[36mUser Load (0.2ms)[0m  [1mSELECT  "users".* FROM "users" WHERE "users"."id" = ? LIMIT 1[0m  [["id", 37]]
  [1m[36mUser Load (0.7ms)[0m  [1mSELECT "users".* FROM "users"[0m
  [1m[35m (0.1ms)[0m  begin transaction
  [1m[36mSQL (0.2ms)[0m  [1mDELETE FROM "users" WHERE "users"."id" = ?[0m  [["id", 37]]
  [1m[35m (17.9ms)[0m  commit transaction
  [1m[36mTodoList Load (0.1ms)[0m  [1mSELECT "todo_lists".* FROM "todo_lists"[0m
  [1m[35mUser Load (0.1ms)[0m  SELECT "users".* FROM "users"
  [1m[36mTodoList Load (0.2ms)[0m  [1mSELECT "todo_lists".* FROM "todo_lists"[0m
  [1m[35m (0.0ms)[0m  begin transaction
  [1m[36mSQL (0.3ms)[0m  [1mINSERT INTO "todo_lists" ("list_name", "list_due_date", "created_at", "updated_at") VALUES (?, ?, ?, ?)[0m  [["list_name", "my list"], ["list_due_date", "2016-01-20"], ["created_at", "2016-01-20 17:05:51.169041"], ["updated_at", "2016-01-20 17:05:51.169041"]]
  [1m[35m (15.9ms)[0m  commit transaction
  [1m[36mTodoList Load (0.3ms)[0m  [1mSELECT  "todo_lists".* FROM "todo_lists" WHERE "todo_lists"."list_name" = ? LIMIT 1[0m  [["list_name", "my list"]]
  [1m[35mTodoList Load (0.3ms)[0m  SELECT  "todo_lists".* FROM "todo_lists" WHERE "todo_lists"."id" = ? LIMIT 1  [["id", 28]]
  [1m[36mUser Load (0.4ms)[0m  [1mSELECT  "users".* FROM "users"  ORDER BY "users"."id" DESC LIMIT 1[0m
  [1m[35m (0.1ms)[0m  begin transaction
  [1m[36mSQL (0.4ms)[0m  [1mINSERT INTO "users" ("username", "password_digest", "created_at", "updated_at") VALUES (?, ?, ?, ?)[0m  [["username", "jmm5872"], ["password_digest", "xxx"], ["created_at", "2016-01-20 17:08:38.272804"], ["updated_at", "2016-01-20 17:08:38.272804"]]
  [1m[35m (7.1ms)[0m  commit transaction
  [1m[36mUser Load (0.4ms)[0m  [1mSELECT  "users".* FROM "users"  ORDER BY "users"."id" ASC LIMIT 1[0m
  [1m[35mUser Load (0.3ms)[0m  SELECT  "users".* FROM "users" WHERE "users"."id" = ? LIMIT 1  [["id", 1]]
  [1m[36mUser Load (0.2ms)[0m  [1mSELECT  "users".* FROM "users" WHERE "users"."id" = ? LIMIT 1[0m  [["id", 38]]
  [1m[35m (0.2ms)[0m  begin transaction
  [1m[36mSQL (0.5ms)[0m  [1mUPDATE "users" SET "password_digest" = ?, "updated_at" = ? WHERE "users"."id" = ?[0m  [["password_digest", "sss"], ["updated_at", "2016-01-20 17:09:27.676329"], ["id", 38]]
  [1m[35m (7.3ms)[0m  commit transaction
  [1m[36mUser Load (0.7ms)[0m  [1mSELECT "users".* FROM "users"[0m
  [1m[35m (0.1ms)[0m  begin transaction
  [1m[36mSQL (0.2ms)[0m  [1mDELETE FROM "users" WHERE "users"."id" = ?[0m  [["id", 38]]
  [1m[35m (4.2ms)[0m  commit transaction
  [1m[36mTodoList Load (0.1ms)[0m  [1mSELECT "todo_lists".* FROM "todo_lists"[0m
  [1m[35m (0.1ms)[0m  begin transaction
  [1m[36mSQL (0.1ms)[0m  [1mDELETE FROM "todo_lists" WHERE "todo_lists"."id" = ?[0m  [["id", 28]]
  [1m[35m (15.3ms)[0m  commit transaction
  [1m[36mUser Load (0.3ms)[0m  [1mSELECT "users".* FROM "users"[0m
  [1m[35mTodoList Load (0.3ms)[0m  SELECT "todo_lists".* FROM "todo_lists"
  [1m[36m (0.1ms)[0m  [1mbegin transaction[0m
  [1m[35mSQL (0.5ms)[0m  INSERT INTO "users" ("username", "password_digest", "created_at", "updated_at") VALUES (?, ?, ?, ?)  [["username", "joesmith"], ["password_digest", "xxx"], ["created_at", "2016-01-20 17:09:58.928685"], ["updated_at", "2016-01-20 17:09:58.928685"]]
  [1m[36m (19.9ms)[0m  [1mcommit transaction[0m
  [1m[35mUser Load (0.2ms)[0m  SELECT  "users".* FROM "users" WHERE "users"."username" = ? LIMIT 1  [["username", "joesmith"]]
  [1m[36mUser Load (0.1ms)[0m  [1mSELECT  "users".* FROM "users" WHERE "users"."id" = ? LIMIT 1[0m  [["id", 39]]
  [1m[35m (0.1ms)[0m  begin transaction
  [1m[36mSQL (0.2ms)[0m  [1mUPDATE "users" SET "password_digest" = ?, "updated_at" = ? WHERE "users"."id" = ?[0m  [["password_digest", "newpassword"], ["updated_at", "2016-01-20 17:09:58.958242"], ["id", 39]]
  [1m[35m (15.3ms)[0m  commit transaction
  [1m[36mUser Load (0.1ms)[0m  [1mSELECT  "users".* FROM "users" WHERE "users"."id" = ? LIMIT 1[0m  [["id", 39]]
  [1m[36mUser Load (0.7ms)[0m  [1mSELECT "users".* FROM "users"[0m
  [1m[35m (0.1ms)[0m  begin transaction
  [1m[36mSQL (0.2ms)[0m  [1mDELETE FROM "users" WHERE "users"."id" = ?[0m  [["id", 39]]
  [1m[35m (17.6ms)[0m  commit transaction
  [1m[36mTodoList Load (0.1ms)[0m  [1mSELECT "todo_lists".* FROM "todo_lists"[0m
  [1m[35mUser Load (0.1ms)[0m  SELECT "users".* FROM "users"
  [1m[36mTodoList Load (0.1ms)[0m  [1mSELECT "todo_lists".* FROM "todo_lists"[0m
  [1m[35m (0.1ms)[0m  begin transaction
  [1m[36mSQL (0.2ms)[0m  [1mINSERT INTO "todo_lists" ("list_name", "list_due_date", "created_at", "updated_at") VALUES (?, ?, ?, ?)[0m  [["list_name", "my list"], ["list_due_date", "2016-01-20"], ["created_at", "2016-01-20 17:11:52.948112"], ["updated_at", "2016-01-20 17:11:52.948112"]]
  [1m[35m (11.9ms)[0m  commit transaction
  [1m[36mTodoList Load (0.2ms)[0m  [1mSELECT  "todo_lists".* FROM "todo_lists" WHERE "todo_lists"."list_name" = ? LIMIT 1[0m  [["list_name", "my list"]]
  [1m[35mTodoList Load (0.1ms)[0m  SELECT  "todo_lists".* FROM "todo_lists" WHERE "todo_lists"."id" = ? LIMIT 1  [["id", 29]]
  [1m[36m (0.0ms)[0m  [1mbegin transaction[0m
  [1m[35mSQL (0.2ms)[0m  UPDATE "todo_lists" SET "list_name" = ?, "updated_at" = ? WHERE "todo_lists"."id" = ?  [["list_name", "Big list"], ["updated_at", "2016-01-20 17:11:52.966815"], ["id", 29]]
  [1m[36m (4.0ms)[0m  [1mcommit transaction[0m
  [1m[35mTodoList Load (0.1ms)[0m  SELECT  "todo_lists".* FROM "todo_lists" WHERE "todo_lists"."id" = ? LIMIT 1  [["id", 29]]
  [1m[36mUser Load (0.8ms)[0m  [1mSELECT "users".* FROM "users"[0m
  [1m[35mTodoList Load (0.1ms)[0m  SELECT "todo_lists".* FROM "todo_lists"
  [1m[36m (0.0ms)[0m  [1mbegin transaction[0m
  [1m[35mSQL (0.2ms)[0m  DELETE FROM "todo_lists" WHERE "todo_lists"."id" = ?  [["id", 29]]
  [1m[36m (7.4ms)[0m  [1mcommit transaction[0m
  [1m[35mUser Load (0.1ms)[0m  SELECT "users".* FROM "users"
  [1m[36mTodoList Load (0.1ms)[0m  [1mSELECT "todo_lists".* FROM "todo_lists"[0m
  [1m[35m (0.1ms)[0m  begin transaction
  [1m[36mSQL (0.2ms)[0m  [1mINSERT INTO "users" ("username", "password_digest", "created_at", "updated_at") VALUES (?, ?, ?, ?)[0m  [["username", "deletetest"], ["password_digest", "foobar"], ["created_at", "2016-01-20 17:12:49.593353"], ["updated_at", "2016-01-20 17:12:49.593353"]]
  [1m[35m (5.6ms)[0m  commit transaction
  [1m[36mUser Load (0.2ms)[0m  [1mSELECT  "users".* FROM "users" WHERE "users"."id" = ? LIMIT 1[0m  [["id", 40]]
  [1m[35mUser Load (0.1ms)[0m  SELECT  "users".* FROM "users" WHERE "users"."id" = ? LIMIT 1  [["id", 40]]
  [1m[36m (0.1ms)[0m  [1mbegin transaction[0m
  [1m[35mSQL (0.1ms)[0m  DELETE FROM "users" WHERE "users"."id" = ?  [["id", 40]]
  [1m[36m (3.8ms)[0m  [1mcommit transaction[0m
  [1m[35mUser Load (0.1ms)[0m  SELECT  "users".* FROM "users" WHERE "users"."id" = ? LIMIT 1  [["id", 40]]
  [1m[36mUser Load (0.8ms)[0m  [1mSELECT "users".* FROM "users"[0m
  [1m[35mTodoList Load (0.1ms)[0m  SELECT "todo_lists".* FROM "todo_lists"
  [1m[36mUser Load (0.1ms)[0m  [1mSELECT "users".* FROM "users"[0m
  [1m[35mTodoList Load (0.1ms)[0m  SELECT "todo_lists".* FROM "todo_lists"
  [1m[36m (0.1ms)[0m  [1mbegin transaction[0m
  [1m[35mSQL (0.2ms)[0m  INSERT INTO "todo_lists" ("list_name", "list_due_date", "created_at", "updated_at") VALUES (?, ?, ?, ?)  [["list_name", "delete list"], ["list_due_date", "2020-01-01"], ["created_at", "2016-01-20 17:12:52.781687"], ["updated_at", "2016-01-20 17:12:52.781687"]]
  [1m[36m (12.2ms)[0m  [1mcommit transaction[0m
  [1m[35mTodoList Load (0.2ms)[0m  SELECT  "todo_lists".* FROM "todo_lists" WHERE "todo_lists"."id" = ? LIMIT 1  [["id", 30]]
  [1m[36mTodoList Load (0.1ms)[0m  [1mSELECT  "todo_lists".* FROM "todo_lists" WHERE "todo_lists"."id" = ? LIMIT 1[0m  [["id", 30]]
  [1m[35m (0.1ms)[0m  begin transaction
  [1m[36mSQL (0.2ms)[0m  [1mDELETE FROM "todo_lists" WHERE "todo_lists"."id" = ?[0m  [["id", 30]]
  [1m[35m (15.4ms)[0m  commit transaction
  [1m[36mTodoList Load (0.1ms)[0m  [1mSELECT  "todo_lists".* FROM "todo_lists" WHERE "todo_lists"."id" = ? LIMIT 1[0m  [["id", 30]]
  [1m[36mUser Load (0.2ms)[0m  [1mSELECT "users".* FROM "users"[0m
  [1m[35mTodoList Load (0.1ms)[0m  SELECT "todo_lists".* FROM "todo_lists"
  [1m[36mUser Load (0.1ms)[0m  [1mSELECT "users".* FROM "users"[0m
  [1m[35mTodoList Load (0.1ms)[0m  SELECT "todo_lists".* FROM "todo_lists"
  [1m[36mUser Load (0.2ms)[0m  [1mSELECT  "users".* FROM "users" WHERE "users"."username" = ? LIMIT 1[0m  [["username", "joesmith"]]
  [1m[35m (0.1ms)[0m  begin transaction
  [1m[36mSQL (0.4ms)[0m  [1mINSERT INTO "users" ("username", "password_digest", "created_at", "updated_at") VALUES (?, ?, ?, ?)[0m  [["username", "joesmith"], ["password_digest", "xxx"], ["created_at", "2016-01-20 17:12:58.954875"], ["updated_at", "2016-01-20 17:12:58.954875"]]
  [1m[35m (16.1ms)[0m  commit transaction
  [1m[36mUser Load (0.2ms)[0m  [1mSELECT  "users".* FROM "users" WHERE "users"."username" = ? LIMIT 1[0m  [["username", "joesmith"]]
  [1m[35mUser Load (0.3ms)[0m  SELECT "users".* FROM "users"
  [1m[36m (0.1ms)[0m  [1mbegin transaction[0m
  [1m[35mSQL (0.4ms)[0m  DELETE FROM "users" WHERE "users"."id" = ?  [["id", 41]]
  [1m[36m (15.5ms)[0m  [1mcommit transaction[0m
  [1m[35mTodoList Load (0.3ms)[0m  SELECT "todo_lists".* FROM "todo_lists"
  [1m[36mUser Load (0.1ms)[0m  [1mSELECT "users".* FROM "users"[0m
  [1m[35mTodoList Load (0.1ms)[0m  SELECT "todo_lists".* FROM "todo_lists"
  [1m[36mTodoList Load (0.1ms)[0m  [1mSELECT  "todo_lists".* FROM "todo_lists" WHERE "todo_lists"."list_name" = ? LIMIT 1[0m  [["list_name", "mylist"]]
  [1m[35m (0.0ms)[0m  begin transaction
  [1m[36mSQL (0.2ms)[0m  [1mINSERT INTO "todo_lists" ("list_name", "list_due_date", "created_at", "updated_at") VALUES (?, ?, ?, ?)[0m  [["list_name", "mylist"], ["list_due_date", "2016-01-20"], ["created_at", "2016-01-20 17:12:58.997698"], ["updated_at", "2016-01-20 17:12:58.997698"]]
  [1m[35m (15.9ms)[0m  commit transaction
  [1m[36mTodoList Load (0.1ms)[0m  [1mSELECT  "todo_lists".* FROM "todo_lists" WHERE "todo_lists"."list_name" = ? LIMIT 1[0m  [["list_name", "mylist"]]
  [1m[35mUser Load (0.1ms)[0m  SELECT "users".* FROM "users"
  [1m[36mTodoList Load (0.1ms)[0m  [1mSELECT "todo_lists".* FROM "todo_lists"[0m
  [1m[35m (0.0ms)[0m  begin transaction
  [1m[36mSQL (0.1ms)[0m  [1mDELETE FROM "todo_lists" WHERE "todo_lists"."id" = ?[0m  [["id", 31]]
  [1m[35m (6.9ms)[0m  commit transaction
  [1m[36mUser Load (0.1ms)[0m  [1mSELECT "users".* FROM "users"[0m
  [1m[35mTodoList Load (0.1ms)[0m  SELECT "todo_lists".* FROM "todo_lists"
  [1m[36m (0.0ms)[0m  [1mbegin transaction[0m
  [1m[35mSQL (0.1ms)[0m  INSERT INTO "users" ("username", "password_digest", "created_at", "updated_at") VALUES (?, ?, ?, ?)  [["username", "user_0"], ["password_digest", "xxx"], ["created_at", "2016-01-20 17:12:59.026004"], ["updated_at", "2016-01-20 17:12:59.026004"]]
  [1m[36m (5.1ms)[0m  [1mcommit transaction[0m
  [1m[35m (0.1ms)[0m  begin transaction
  [1m[36mSQL (0.2ms)[0m  [1mINSERT INTO "users" ("username", "password_digest", "created_at", "updated_at") VALUES (?, ?, ?, ?)[0m  [["username", "user_1"], ["password_digest", "xxx"], ["created_at", "2016-01-20 17:12:59.032818"], ["updated_at", "2016-01-20 17:12:59.032818"]]
  [1m[35m (5.2ms)[0m  commit transaction
  [1m[36m (0.1ms)[0m  [1mbegin transaction[0m
  [1m[35mSQL (0.5ms)[0m  INSERT INTO "users" ("username", "password_digest", "created_at", "updated_at") VALUES (?, ?, ?, ?)  [["username", "user_2"], ["password_digest", "xxx"], ["created_at", "2016-01-20 17:12:59.040625"], ["updated_at", "2016-01-20 17:12:59.040625"]]
  [1m[36m (4.2ms)[0m  [1mcommit transaction[0m
  [1m[35m (0.1ms)[0m  begin transaction
  [1m[36mSQL (0.2ms)[0m  [1mINSERT INTO "users" ("username", "password_digest", "created_at", "updated_at") VALUES (?, ?, ?, ?)[0m  [["username", "user_3"], ["password_digest", "xxx"], ["created_at", "2016-01-20 17:12:59.048388"], ["updated_at", "2016-01-20 17:12:59.048388"]]
  [1m[35m (4.0ms)[0m  commit transaction
  [1m[36m (0.1ms)[0m  [1mbegin transaction[0m
  [1m[35mSQL (0.2ms)[0m  INSERT INTO "users" ("username", "password_digest", "created_at", "updated_at") VALUES (?, ?, ?, ?)  [["username", "user_4"], ["password_digest", "xxx"], ["created_at", "2016-01-20 17:12:59.054199"], ["updated_at", "2016-01-20 17:12:59.054199"]]
  [1m[36m (5.4ms)[0m  [1mcommit transaction[0m
  [1m[35m (0.1ms)[0m  begin transaction
  [1m[36mSQL (0.2ms)[0m  [1mINSERT INTO "users" ("username", "password_digest", "created_at", "updated_at") VALUES (?, ?, ?, ?)[0m  [["username", "user_5"], ["password_digest", "xxx"], ["created_at", "2016-01-20 17:12:59.061340"], ["updated_at", "2016-01-20 17:12:59.061340"]]
  [1m[35m (5.0ms)[0m  commit transaction
  [1m[36m (0.1ms)[0m  [1mbegin transaction[0m
  [1m[35mSQL (0.2ms)[0m  INSERT INTO "users" ("username", "password_digest", "created_at", "updated_at") VALUES (?, ?, ?, ?)  [["username", "user_6"], ["password_digest", "xxx"], ["created_at", "2016-01-20 17:12:59.068002"], ["updated_at", "2016-01-20 17:12:59.068002"]]
  [1m[36m (4.1ms)[0m  [1mcommit transaction[0m
  [1m[35m (0.1ms)[0m  begin transaction
  [1m[36mSQL (0.2ms)[0m  [1mINSERT INTO "users" ("username", "password_digest", "created_at", "updated_at") VALUES (?, ?, ?, ?)[0m  [["username", "user_7"], ["password_digest", "xxx"], ["created_at", "2016-01-20 17:12:59.073561"], ["updated_at", "2016-01-20 17:12:59.073561"]]
  [1m[35m (13.7ms)[0m  commit transaction
  [1m[36m (0.1ms)[0m  [1mbegin transaction[0m
  [1m[35mSQL (0.2ms)[0m  INSERT INTO "users" ("username", "password_digest", "created_at", "updated_at") VALUES (?, ?, ?, ?)  [["username", "user_8"], ["password_digest", "xxx"], ["created_at", "2016-01-20 17:12:59.088681"], ["updated_at", "2016-01-20 17:12:59.088681"]]
  [1m[36m (15.7ms)[0m  [1mcommit transaction[0m
  [1m[35m (0.1ms)[0m  begin transaction
  [1m[36mSQL (0.2ms)[0m  [1mINSERT INTO "users" ("username", "password_digest", "created_at", "updated_at") VALUES (?, ?, ?, ?)[0m  [["username", "user_9"], ["password_digest", "xxx"], ["created_at", "2016-01-20 17:12:59.105893"], ["updated_at", "2016-01-20 17:12:59.105893"]]
  [1m[35m (16.0ms)[0m  commit transaction
  [1m[36m (0.1ms)[0m  [1mbegin transaction[0m
  [1m[35mSQL (0.2ms)[0m  INSERT INTO "users" ("username", "password_digest", "created_at", "updated_at") VALUES (?, ?, ?, ?)  [["username", "user_10"], ["password_digest", "xxx"], ["created_at", "2016-01-20 17:12:59.123720"], ["updated_at", "2016-01-20 17:12:59.123720"]]
  [1m[36m (16.1ms)[0m  [1mcommit transaction[0m
  [1m[35m (0.1ms)[0m  begin transaction
  [1m[36mSQL (0.2ms)[0m  [1mINSERT INTO "users" ("username", "password_digest", "created_at", "updated_at") VALUES (?, ?, ?, ?)[0m  [["username", "user_11"], ["password_digest", "xxx"], ["created_at", "2016-01-20 17:12:59.141929"], ["updated_at", "2016-01-20 17:12:59.141929"]]
  [1m[35m (15.8ms)[0m  commit transaction
  [1m[36m (0.1ms)[0m  [1mbegin transaction[0m
  [1m[35mSQL (0.3ms)[0m  INSERT INTO "users" ("username", "password_digest", "created_at", "updated_at") VALUES (?, ?, ?, ?)  [["username", "user_12"], ["password_digest", "xxx"], ["created_at", "2016-01-20 17:12:59.159732"], ["updated_at", "2016-01-20 17:12:59.159732"]]
  [1m[36m (16.4ms)[0m  [1mcommit transaction[0m
  [1m[35m (0.1ms)[0m  begin transaction
  [1m[36mSQL (0.3ms)[0m  [1mINSERT INTO "users" ("username", "password_digest", "created_at", "updated_at") VALUES (?, ?, ?, ?)[0m  [["username", "user_13"], ["password_digest", "xxx"], ["created_at", "2016-01-20 17:12:59.178876"], ["updated_at", "2016-01-20 17:12:59.178876"]]
  [1m[35m (16.2ms)[0m  commit transaction
  [1m[36m (0.1ms)[0m  [1mbegin transaction[0m
  [1m[35mSQL (0.3ms)[0m  INSERT INTO "users" ("username", "password_digest", "created_at", "updated_at") VALUES (?, ?, ?, ?)  [["username", "user_14"], ["password_digest", "xxx"], ["created_at", "2016-01-20 17:12:59.197701"], ["updated_at", "2016-01-20 17:12:59.197701"]]
  [1m[36m (22.1ms)[0m  [1mcommit transaction[0m
  [1m[35m (0.1ms)[0m  begin transaction
  [1m[36mSQL (0.2ms)[0m  [1mINSERT INTO "users" ("username", "password_digest", "created_at", "updated_at") VALUES (?, ?, ?, ?)[0m  [["username", "user_15"], ["password_digest", "xxx"], ["created_at", "2016-01-20 17:12:59.222256"], ["updated_at", "2016-01-20 17:12:59.222256"]]
  [1m[35m (4.4ms)[0m  commit transaction
  [1m[36m (0.1ms)[0m  [1mbegin transaction[0m
  [1m[35mSQL (0.2ms)[0m  INSERT INTO "users" ("username", "password_digest", "created_at", "updated_at") VALUES (?, ?, ?, ?)  [["username", "user_16"], ["password_digest", "xxx"], ["created_at", "2016-01-20 17:12:59.228407"], ["updated_at", "2016-01-20 17:12:59.228407"]]
  [1m[36m (4.3ms)[0m  [1mcommit transaction[0m
  [1m[35m (0.1ms)[0m  begin transaction
  [1m[36mSQL (0.2ms)[0m  [1mINSERT INTO "users" ("username", "password_digest", "created_at", "updated_at") VALUES (?, ?, ?, ?)[0m  [["username", "user_17"], ["password_digest", "xxx"], ["created_at", "2016-01-20 17:12:59.234179"], ["updated_at", "2016-01-20 17:12:59.234179"]]
  [1m[35m (5.0ms)[0m  commit transaction
  [1m[36m (0.1ms)[0m  [1mbegin transaction[0m
  [1m[35mSQL (0.2ms)[0m  INSERT INTO "users" ("username", "password_digest", "created_at", "updated_at") VALUES (?, ?, ?, ?)  [["username", "user_18"], ["password_digest", "xxx"], ["created_at", "2016-01-20 17:12:59.240603"], ["updated_at", "2016-01-20 17:12:59.240603"]]
  [1m[36m (4.0ms)[0m  [1mcommit transaction[0m
  [1m[35m (0.1ms)[0m  begin transaction
  [1m[36mSQL (0.1ms)[0m  [1mINSERT INTO "users" ("username", "password_digest", "created_at", "updated_at") VALUES (?, ?, ?, ?)[0m  [["username", "user_19"], ["password_digest", "xxx"], ["created_at", "2016-01-20 17:12:59.245959"], ["updated_at", "2016-01-20 17:12:59.245959"]]
  [1m[35m (5.2ms)[0m  commit transaction
  [1m[36m (0.1ms)[0m  [1mbegin transaction[0m
  [1m[35mSQL (0.2ms)[0m  INSERT INTO "users" ("username", "password_digest", "created_at", "updated_at") VALUES (?, ?, ?, ?)  [["username", "user_20"], ["password_digest", "xxx"], ["created_at", "2016-01-20 17:12:59.252713"], ["updated_at", "2016-01-20 17:12:59.252713"]]
  [1m[36m (5.2ms)[0m  [1mcommit transaction[0m
  [1m[35mUser Load (0.3ms)[0m  SELECT  "users".* FROM "users"  ORDER BY "users"."updated_at" ASC LIMIT 10 OFFSET 0
  [1m[36mUser Load (0.2ms)[0m  [1mSELECT  "users".* FROM "users"  ORDER BY "users"."updated_at" ASC LIMIT 5 OFFSET 10[0m
  [1m[35mUser Load (0.2ms)[0m  SELECT "users".* FROM "users"
  [1m[36m (0.1ms)[0m  [1mbegin transaction[0m
  [1m[35mSQL (0.1ms)[0m  DELETE FROM "users" WHERE "users"."id" = ?  [["id", 42]]
  [1m[36m (4.1ms)[0m  [1mcommit transaction[0m
  [1m[35m (0.0ms)[0m  begin transaction
  [1m[36mSQL (0.1ms)[0m  [1mDELETE FROM "users" WHERE "users"."id" = ?[0m  [["id", 43]]
  [1m[35m (15.1ms)[0m  commit transaction
  [1m[36m (0.1ms)[0m  [1mbegin transaction[0m
  [1m[35mSQL (0.1ms)[0m  DELETE FROM "users" WHERE "users"."id" = ?  [["id", 44]]
  [1m[36m (15.3ms)[0m  [1mcommit transaction[0m
  [1m[35m (0.1ms)[0m  begin transaction
  [1m[36mSQL (0.2ms)[0m  [1mDELETE FROM "users" WHERE "users"."id" = ?[0m  [["id", 45]]
  [1m[35m (15.4ms)[0m  commit transaction
  [1m[36m (0.1ms)[0m  [1mbegin transaction[0m
  [1m[35mSQL (0.1ms)[0m  DELETE FROM "users" WHERE "users"."id" = ?  [["id", 46]]
  [1m[36m (15.4ms)[0m  [1mcommit transaction[0m
  [1m[35m (0.1ms)[0m  begin transaction
  [1m[36mSQL (0.1ms)[0m  [1mDELETE FROM "users" WHERE "users"."id" = ?[0m  [["id", 47]]
  [1m[35m (15.5ms)[0m  commit transaction
  [1m[36m (0.1ms)[0m  [1mbegin transaction[0m
  [1m[35mSQL (0.1ms)[0m  DELETE FROM "users" WHERE "users"."id" = ?  [["id", 48]]
  [1m[36m (13.3ms)[0m  [1mcommit transaction[0m
  [1m[35m (0.1ms)[0m  begin transaction
  [1m[36mSQL (0.1ms)[0m  [1mDELETE FROM "users" WHERE "users"."id" = ?[0m  [["id", 49]]
  [1m[35m (15.7ms)[0m  commit transaction
  [1m[36m (0.1ms)[0m  [1mbegin transaction[0m
  [1m[35mSQL (0.2ms)[0m  DELETE FROM "users" WHERE "users"."id" = ?  [["id", 50]]
  [1m[36m (14.1ms)[0m  [1mcommit transaction[0m
  [1m[35m (0.1ms)[0m  begin transaction
  [1m[36mSQL (0.2ms)[0m  [1mDELETE FROM "users" WHERE "users"."id" = ?[0m  [["id", 51]]
  [1m[35m (4.1ms)[0m  commit transaction
  [1m[36m (0.0ms)[0m  [1mbegin transaction[0m
  [1m[35mSQL (0.1ms)[0m  DELETE FROM "users" WHERE "users"."id" = ?  [["id", 52]]
  [1m[36m (4.0ms)[0m  [1mcommit transaction[0m
  [1m[35m (0.0ms)[0m  begin transaction
  [1m[36mSQL (0.1ms)[0m  [1mDELETE FROM "users" WHERE "users"."id" = ?[0m  [["id", 53]]
  [1m[35m (6.1ms)[0m  commit transaction
  [1m[36m (0.1ms)[0m  [1mbegin transaction[0m
  [1m[35mSQL (0.1ms)[0m  DELETE FROM "users" WHERE "users"."id" = ?  [["id", 54]]
  [1m[36m (4.3ms)[0m  [1mcommit transaction[0m
  [1m[35m (0.1ms)[0m  begin transaction
  [1m[36mSQL (0.1ms)[0m  [1mDELETE FROM "users" WHERE "users"."id" = ?[0m  [["id", 55]]
  [1m[35m (5.2ms)[0m  commit transaction
  [1m[36m (0.1ms)[0m  [1mbegin transaction[0m
  [1m[35mSQL (0.1ms)[0m  DELETE FROM "users" WHERE "users"."id" = ?  [["id", 56]]
  [1m[36m (4.3ms)[0m  [1mcommit transaction[0m
  [1m[35m (0.1ms)[0m  begin transaction
  [1m[36mSQL (0.1ms)[0m  [1mDELETE FROM "users" WHERE "users"."id" = ?[0m  [["id", 57]]
  [1m[35m (4.2ms)[0m  commit transaction
  [1m[36m (0.1ms)[0m  [1mbegin transaction[0m
  [1m[35mSQL (0.1ms)[0m  DELETE FROM "users" WHERE "users"."id" = ?  [["id", 58]]
  [1m[36m (4.8ms)[0m  [1mcommit transaction[0m
  [1m[35m (0.1ms)[0m  begin transaction
  [1m[36mSQL (0.1ms)[0m  [1mDELETE FROM "users" WHERE "users"."id" = ?[0m  [["id", 59]]
  [1m[35m (15.2ms)[0m  commit transaction
  [1m[36m (0.0ms)[0m  [1mbegin transaction[0m
  [1m[35mSQL (0.1ms)[0m  DELETE FROM "users" WHERE "users"."id" = ?  [["id", 60]]
  [1m[36m (20.4ms)[0m  [1mcommit transaction[0m
  [1m[35m (0.1ms)[0m  begin transaction
  [1m[36mSQL (0.1ms)[0m  [1mDELETE FROM "users" WHERE "users"."id" = ?[0m  [["id", 61]]
  [1m[35m (15.9ms)[0m  commit transaction
  [1m[36m (0.1ms)[0m  [1mbegin transaction[0m
  [1m[35mSQL (0.2ms)[0m  DELETE FROM "users" WHERE "users"."id" = ?  [["id", 62]]
  [1m[36m (16.0ms)[0m  [1mcommit transaction[0m
  [1m[35mTodoList Load (0.1ms)[0m  SELECT "todo_lists".* FROM "todo_lists"
  [1m[36mUser Load (0.1ms)[0m  [1mSELECT "users".* FROM "users"[0m
  [1m[35mTodoList Load (0.1ms)[0m  SELECT "todo_lists".* FROM "todo_lists"
  [1m[36m (0.1ms)[0m  [1mbegin transaction[0m
  [1m[35mSQL (0.1ms)[0m  INSERT INTO "todo_lists" ("list_name", "list_due_date", "created_at", "updated_at") VALUES (?, ?, ?, ?)  [["list_name", "list_0"], ["list_due_date", "2016-01-20"], ["created_at", "2016-01-20 17:12:59.512255"], ["updated_at", "2016-01-20 17:12:59.512255"]]
  [1m[36m (15.7ms)[0m  [1mcommit transaction[0m
  [1m[35m (0.1ms)[0m  begin transaction
  [1m[36mSQL (0.2ms)[0m  [1mINSERT INTO "todo_lists" ("list_name", "list_due_date", "created_at", "updated_at") VALUES (?, ?, ?, ?)[0m  [["list_name", "list_1"], ["list_due_date", "2016-01-21"], ["created_at", "2016-01-20 17:12:59.529749"], ["updated_at", "2016-01-20 17:12:59.529749"]]
  [1m[35m (15.6ms)[0m  commit transaction
  [1m[36m (0.1ms)[0m  [1mbegin transaction[0m
  [1m[35mSQL (0.2ms)[0m  INSERT INTO "todo_lists" ("list_name", "list_due_date", "created_at", "updated_at") VALUES (?, ?, ?, ?)  [["list_name", "list_2"], ["list_due_date", "2016-01-22"], ["created_at", "2016-01-20 17:12:59.547237"], ["updated_at", "2016-01-20 17:12:59.547237"]]
  [1m[36m (15.6ms)[0m  [1mcommit transaction[0m
  [1m[35m (0.1ms)[0m  begin transaction
  [1m[36mSQL (0.1ms)[0m  [1mINSERT INTO "todo_lists" ("list_name", "list_due_date", "created_at", "updated_at") VALUES (?, ?, ?, ?)[0m  [["list_name", "list_3"], ["list_due_date", "2016-01-23"], ["created_at", "2016-01-20 17:12:59.564446"], ["updated_at", "2016-01-20 17:12:59.564446"]]
  [1m[35m (6.5ms)[0m  commit transaction
  [1m[36m (0.1ms)[0m  [1mbegin transaction[0m
  [1m[35mSQL (0.1ms)[0m  INSERT INTO "todo_lists" ("list_name", "list_due_date", "created_at", "updated_at") VALUES (?, ?, ?, ?)  [["list_name", "list_4"], ["list_due_date", "2016-01-24"], ["created_at", "2016-01-20 17:12:59.572323"], ["updated_at", "2016-01-20 17:12:59.572323"]]
  [1m[36m (3.9ms)[0m  [1mcommit transaction[0m
  [1m[35m (0.0ms)[0m  begin transaction
  [1m[36mSQL (0.1ms)[0m  [1mINSERT INTO "todo_lists" ("list_name", "list_due_date", "created_at", "updated_at") VALUES (?, ?, ?, ?)[0m  [["list_name", "list_5"], ["list_due_date", "2016-01-25"], ["created_at", "2016-01-20 17:12:59.577479"], ["updated_at", "2016-01-20 17:12:59.577479"]]
  [1m[35m (4.7ms)[0m  commit transaction
  [1m[36m (0.0ms)[0m  [1mbegin transaction[0m
  [1m[35mSQL (0.2ms)[0m  INSERT INTO "todo_lists" ("list_name", "list_due_date", "created_at", "updated_at") VALUES (?, ?, ?, ?)  [["list_name", "list_6"], ["list_due_date", "2016-01-26"], ["created_at", "2016-01-20 17:12:59.583388"], ["updated_at", "2016-01-20 17:12:59.583388"]]
  [1m[36m (4.1ms)[0m  [1mcommit transaction[0m
  [1m[35m (0.1ms)[0m  begin transaction
  [1m[36mSQL (0.1ms)[0m  [1mINSERT INTO "todo_lists" ("list_name", "list_due_date", "created_at", "updated_at") VALUES (?, ?, ?, ?)[0m  [["list_name", "list_7"], ["list_due_date", "2016-01-27"], ["created_at", "2016-01-20 17:12:59.588942"], ["updated_at", "2016-01-20 17:12:59.588942"]]
  [1m[35m (4.8ms)[0m  commit transaction
  [1m[36m (0.1ms)[0m  [1mbegin transaction[0m
  [1m[35mSQL (0.2ms)[0m  INSERT INTO "todo_lists" ("list_name", "list_due_date", "created_at", "updated_at") VALUES (?, ?, ?, ?)  [["list_name", "list_8"], ["list_due_date", "2016-01-28"], ["created_at", "2016-01-20 17:12:59.595227"], ["updated_at", "2016-01-20 17:12:59.595227"]]
  [1m[36m (4.1ms)[0m  [1mcommit transaction[0m
  [1m[35m (0.1ms)[0m  begin transaction
  [1m[36mSQL (0.2ms)[0m  [1mINSERT INTO "todo_lists" ("list_name", "list_due_date", "created_at", "updated_at") VALUES (?, ?, ?, ?)[0m  [["list_name", "list_9"], ["list_due_date", "2016-01-29"], ["created_at", "2016-01-20 17:12:59.600797"], ["updated_at", "2016-01-20 17:12:59.600797"]]
  [1m[35m (5.1ms)[0m  commit transaction
  [1m[36m (0.1ms)[0m  [1mbegin transaction[0m
  [1m[35mSQL (0.2ms)[0m  INSERT INTO "todo_lists" ("list_name", "list_due_date", "created_at", "updated_at") VALUES (?, ?, ?, ?)  [["list_name", "list_10"], ["list_due_date", "2016-01-30"], ["created_at", "2016-01-20 17:12:59.607346"], ["updated_at", "2016-01-20 17:12:59.607346"]]
  [1m[36m (4.2ms)[0m  [1mcommit transaction[0m
  [1m[35m (0.1ms)[0m  begin transaction
  [1m[36mSQL (0.2ms)[0m  [1mINSERT INTO "todo_lists" ("list_name", "list_due_date", "created_at", "updated_at") VALUES (?, ?, ?, ?)[0m  [["list_name", "list_11"], ["list_due_date", "2016-01-31"], ["created_at", "2016-01-20 17:12:59.613183"], ["updated_at", "2016-01-20 17:12:59.613183"]]
  [1m[35m (8.5ms)[0m  commit transaction
  [1m[36m (0.1ms)[0m  [1mbegin transaction[0m
  [1m[35mSQL (0.3ms)[0m  INSERT INTO "todo_lists" ("list_name", "list_due_date", "created_at", "updated_at") VALUES (?, ?, ?, ?)  [["list_name", "list_12"], ["list_due_date", "2016-02-01"], ["created_at", "2016-01-20 17:12:59.623546"], ["updated_at", "2016-01-20 17:12:59.623546"]]
  [1m[36m (15.6ms)[0m  [1mcommit transaction[0m
  [1m[35m (0.0ms)[0m  begin transaction
  [1m[36mSQL (0.1ms)[0m  [1mINSERT INTO "todo_lists" ("list_name", "list_due_date", "created_at", "updated_at") VALUES (?, ?, ?, ?)[0m  [["list_name", "list_13"], ["list_due_date", "2016-02-02"], ["created_at", "2016-01-20 17:12:59.640960"], ["updated_at", "2016-01-20 17:12:59.640960"]]
  [1m[35m (15.7ms)[0m  commit transaction
  [1m[36m (0.1ms)[0m  [1mbegin transaction[0m
  [1m[35mSQL (0.3ms)[0m  INSERT INTO "todo_lists" ("list_name", "list_due_date", "created_at", "updated_at") VALUES (?, ?, ?, ?)  [["list_name", "list_14"], ["list_due_date", "2016-02-03"], ["created_at", "2016-01-20 17:12:59.658173"], ["updated_at", "2016-01-20 17:12:59.658173"]]
  [1m[36m (15.9ms)[0m  [1mcommit transaction[0m
  [1m[35m (0.0ms)[0m  begin transaction
  [1m[36mSQL (0.1ms)[0m  [1mINSERT INTO "todo_lists" ("list_name", "list_due_date", "created_at", "updated_at") VALUES (?, ?, ?, ?)[0m  [["list_name", "list_15"], ["list_due_date", "2016-02-04"], ["created_at", "2016-01-20 17:12:59.676040"], ["updated_at", "2016-01-20 17:12:59.676040"]]
  [1m[35m (15.2ms)[0m  commit transaction
  [1m[36m (0.1ms)[0m  [1mbegin transaction[0m
  [1m[35mSQL (0.3ms)[0m  INSERT INTO "todo_lists" ("list_name", "list_due_date", "created_at", "updated_at") VALUES (?, ?, ?, ?)  [["list_name", "list_16"], ["list_due_date", "2016-02-05"], ["created_at", "2016-01-20 17:12:59.692630"], ["updated_at", "2016-01-20 17:12:59.692630"]]
  [1m[36m (15.4ms)[0m  [1mcommit transaction[0m
  [1m[35m (0.0ms)[0m  begin transaction
  [1m[36mSQL (0.1ms)[0m  [1mINSERT INTO "todo_lists" ("list_name", "list_due_date", "created_at", "updated_at") VALUES (?, ?, ?, ?)[0m  [["list_name", "list_17"], ["list_due_date", "2016-02-06"], ["created_at", "2016-01-20 17:12:59.710026"], ["updated_at", "2016-01-20 17:12:59.710026"]]
  [1m[35m (15.3ms)[0m  commit transaction
  [1m[36m (0.1ms)[0m  [1mbegin transaction[0m
  [1m[35mSQL (0.1ms)[0m  INSERT INTO "todo_lists" ("list_name", "list_due_date", "created_at", "updated_at") VALUES (?, ?, ?, ?)  [["list_name", "list_18"], ["list_due_date", "2016-02-07"], ["created_at", "2016-01-20 17:12:59.726467"], ["updated_at", "2016-01-20 17:12:59.726467"]]
  [1m[36m (11.7ms)[0m  [1mcommit transaction[0m
  [1m[35m (0.0ms)[0m  begin transaction
  [1m[36mSQL (0.1ms)[0m  [1mINSERT INTO "todo_lists" ("list_name", "list_due_date", "created_at", "updated_at") VALUES (?, ?, ?, ?)[0m  [["list_name", "list_19"], ["list_due_date", "2016-02-08"], ["created_at", "2016-01-20 17:12:59.739317"], ["updated_at", "2016-01-20 17:12:59.739317"]]
  [1m[35m (3.8ms)[0m  commit transaction
  [1m[36m (0.0ms)[0m  [1mbegin transaction[0m
  [1m[35mSQL (0.1ms)[0m  INSERT INTO "todo_lists" ("list_name", "list_due_date", "created_at", "updated_at") VALUES (?, ?, ?, ?)  [["list_name", "list_20"], ["list_due_date", "2016-02-09"], ["created_at", "2016-01-20 17:12:59.744195"], ["updated_at", "2016-01-20 17:12:59.744195"]]
  [1m[36m (4.0ms)[0m  [1mcommit transaction[0m
  [1m[35mTodoList Load (0.3ms)[0m  SELECT  "todo_lists".* FROM "todo_lists"  ORDER BY "todo_lists"."list_due_date" DESC LIMIT 10 OFFSET 0
  [1m[36mTodoList Load (0.2ms)[0m  [1mSELECT  "todo_lists".* FROM "todo_lists"  ORDER BY "todo_lists"."list_due_date" DESC LIMIT 5 OFFSET 10[0m
  [1m[35mUser Load (0.1ms)[0m  SELECT "users".* FROM "users"
  [1m[36mTodoList Load (0.2ms)[0m  [1mSELECT "todo_lists".* FROM "todo_lists"[0m
  [1m[35m (0.1ms)[0m  begin transaction
  [1m[36mSQL (0.1ms)[0m  [1mDELETE FROM "todo_lists" WHERE "todo_lists"."id" = ?[0m  [["id", 32]]
  [1m[35m (4.2ms)[0m  commit transaction
  [1m[36m (0.1ms)[0m  [1mbegin transaction[0m
  [1m[35mSQL (0.1ms)[0m  DELETE FROM "todo_lists" WHERE "todo_lists"."id" = ?  [["id", 33]]
  [1m[36m (6.9ms)[0m  [1mcommit transaction[0m
  [1m[35m (0.1ms)[0m  begin transaction
  [1m[36mSQL (0.2ms)[0m  [1mDELETE FROM "todo_lists" WHERE "todo_lists"."id" = ?[0m  [["id", 34]]
  [1m[35m (5.4ms)[0m  commit transaction
  [1m[36m (0.1ms)[0m  [1mbegin transaction[0m
  [1m[35mSQL (0.1ms)[0m  DELETE FROM "todo_lists" WHERE "todo_lists"."id" = ?  [["id", 35]]
  [1m[36m (4.8ms)[0m  [1mcommit transaction[0m
  [1m[35m (0.1ms)[0m  begin transaction
  [1m[36mSQL (0.2ms)[0m  [1mDELETE FROM "todo_lists" WHERE "todo_lists"."id" = ?[0m  [["id", 36]]
  [1m[35m (4.9ms)[0m  commit transaction
  [1m[36m (0.1ms)[0m  [1mbegin transaction[0m
  [1m[35mSQL (0.1ms)[0m  DELETE FROM "todo_lists" WHERE "todo_lists"."id" = ?  [["id", 37]]
  [1m[36m (13.5ms)[0m  [1mcommit transaction[0m
  [1m[35m (0.1ms)[0m  begin transaction
  [1m[36mSQL (0.1ms)[0m  [1mDELETE FROM "todo_lists" WHERE "todo_lists"."id" = ?[0m  [["id", 38]]
  [1m[35m (15.1ms)[0m  commit transaction
  [1m[36m (0.1ms)[0m  [1mbegin transaction[0m
  [1m[35mSQL (0.1ms)[0m  DELETE FROM "todo_lists" WHERE "todo_lists"."id" = ?  [["id", 39]]
  [1m[36m (15.5ms)[0m  [1mcommit transaction[0m
  [1m[35m (0.0ms)[0m  begin transaction
  [1m[36mSQL (0.1ms)[0m  [1mDELETE FROM "todo_lists" WHERE "todo_lists"."id" = ?[0m  [["id", 40]]
  [1m[35m (15.0ms)[0m  commit transaction
  [1m[36m (0.0ms)[0m  [1mbegin transaction[0m
  [1m[35mSQL (0.1ms)[0m  DELETE FROM "todo_lists" WHERE "todo_lists"."id" = ?  [["id", 41]]
  [1m[36m (15.1ms)[0m  [1mcommit transaction[0m
  [1m[35m (0.0ms)[0m  begin transaction
  [1m[36mSQL (0.1ms)[0m  [1mDELETE FROM "todo_lists" WHERE "todo_lists"."id" = ?[0m  [["id", 42]]
  [1m[35m (15.9ms)[0m  commit transaction
  [1m[36m (0.1ms)[0m  [1mbegin transaction[0m
  [1m[35mSQL (0.2ms)[0m  DELETE FROM "todo_lists" WHERE "todo_lists"."id" = ?  [["id", 43]]
  [1m[36m (15.6ms)[0m  [1mcommit transaction[0m
  [1m[35m (0.1ms)[0m  begin transaction
  [1m[36mSQL (0.1ms)[0m  [1mDELETE FROM "todo_lists" WHERE "todo_lists"."id" = ?[0m  [["id", 44]]
  [1m[35m (15.2ms)[0m  commit transaction
  [1m[36m (0.0ms)[0m  [1mbegin transaction[0m
  [1m[35mSQL (0.1ms)[0m  DELETE FROM "todo_lists" WHERE "todo_lists"."id" = ?  [["id", 45]]
  [1m[36m (6.4ms)[0m  [1mcommit transaction[0m
  [1m[35m (0.0ms)[0m  begin transaction
  [1m[36mSQL (0.1ms)[0m  [1mDELETE FROM "todo_lists" WHERE "todo_lists"."id" = ?[0m  [["id", 46]]
  [1m[35m (4.0ms)[0m  commit transaction
  [1m[36m (0.0ms)[0m  [1mbegin transaction[0m
  [1m[35mSQL (0.1ms)[0m  DELETE FROM "todo_lists" WHERE "todo_lists"."id" = ?  [["id", 47]]
  [1m[36m (4.5ms)[0m  [1mcommit transaction[0m
  [1m[35m (0.0ms)[0m  begin transaction
  [1m[36mSQL (0.1ms)[0m  [1mDELETE FROM "todo_lists" WHERE "todo_lists"."id" = ?[0m  [["id", 48]]
  [1m[35m (4.6ms)[0m  commit transaction
  [1m[36m (0.1ms)[0m  [1mbegin transaction[0m
  [1m[35mSQL (0.1ms)[0m  DELETE FROM "todo_lists" WHERE "todo_lists"."id" = ?  [["id", 49]]
  [1m[36m (4.1ms)[0m  [1mcommit transaction[0m
  [1m[35m (0.1ms)[0m  begin transaction
  [1m[36mSQL (0.1ms)[0m  [1mDELETE FROM "todo_lists" WHERE "todo_lists"."id" = ?[0m  [["id", 50]]
  [1m[35m (4.2ms)[0m  commit transaction
  [1m[36m (0.1ms)[0m  [1mbegin transaction[0m
  [1m[35mSQL (0.1ms)[0m  DELETE FROM "todo_lists" WHERE "todo_lists"."id" = ?  [["id", 51]]
  [1m[36m (5.0ms)[0m  [1mcommit transaction[0m
  [1m[35m (0.1ms)[0m  begin transaction
  [1m[36mSQL (0.1ms)[0m  [1mDELETE FROM "todo_lists" WHERE "todo_lists"."id" = ?[0m  [["id", 52]]
  [1m[35m (4.1ms)[0m  commit transaction
  [1m[36mUser Load (0.3ms)[0m  [1mSELECT "users".* FROM "users"[0m
  [1m[35mTodoList Load (0.2ms)[0m  SELECT "todo_lists".* FROM "todo_lists"
  [1m[36m (0.1ms)[0m  [1mbegin transaction[0m
  [1m[35mSQL (0.3ms)[0m  INSERT INTO "users" ("username", "password_digest", "created_at", "updated_at") VALUES (?, ?, ?, ?)  [["username", "rich"], ["password_digest", "xxx"], ["created_at", "2016-01-20 17:12:59.955524"], ["updated_at", "2016-01-20 17:12:59.955524"]]
  [1m[36m (17.4ms)[0m  [1mcommit transaction[0m
  [1m[35m (0.1ms)[0m  begin transaction
  [1m[36mSQL (0.2ms)[0m  [1mINSERT INTO "users" ("username", "password_digest", "created_at", "updated_at") VALUES (?, ?, ?, ?)[0m  [["username", "bob"], ["password_digest", "xxx"], ["created_at", "2016-01-20 17:12:59.975583"], ["updated_at", "2016-01-20 17:12:59.975583"]]
  [1m[35m (15.7ms)[0m  commit transaction
  [1m[36m (0.2ms)[0m  [1mbegin transaction[0m
  [1m[35mSQL (0.4ms)[0m  INSERT INTO "users" ("username", "password_digest", "created_at", "updated_at") VALUES (?, ?, ?, ?)  [["username", "joe"], ["password_digest", "xxx"], ["created_at", "2016-01-20 17:12:59.993684"], ["updated_at", "2016-01-20 17:12:59.993684"]]
  [1m[36m (16.2ms)[0m  [1mcommit transaction[0m
  [1m[35m (0.1ms)[0m  begin transaction
  [1m[36mSQL (0.1ms)[0m  [1mINSERT INTO "users" ("username", "password_digest", "created_at", "updated_at") VALUES (?, ?, ?, ?)[0m  [["username", "rich"], ["password_digest", "xxx"], ["created_at", "2016-01-20 17:13:00.012648"], ["updated_at", "2016-01-20 17:13:00.012648"]]
  [1m[35m (15.8ms)[0m  commit transaction
  [1m[36mUser Load (0.2ms)[0m  [1mSELECT "users".* FROM "users" WHERE "users"."username" = ?[0m  [["username", "rich"]]
  [1m[35mUser Load (0.1ms)[0m  SELECT "users".* FROM "users" WHERE "users"."username" = ?  [["username", "joe"]]
  [1m[36mUser Load (0.1ms)[0m  [1mSELECT "users".* FROM "users"[0m
  [1m[35m (0.0ms)[0m  begin transaction
  [1m[36mSQL (0.1ms)[0m  [1mDELETE FROM "users" WHERE "users"."id" = ?[0m  [["id", 63]]
  [1m[35m (15.1ms)[0m  commit transaction
  [1m[36m (0.1ms)[0m  [1mbegin transaction[0m
  [1m[35mSQL (0.2ms)[0m  DELETE FROM "users" WHERE "users"."id" = ?  [["id", 64]]
  [1m[36m (15.0ms)[0m  [1mcommit transaction[0m
  [1m[35m (0.1ms)[0m  begin transaction
  [1m[36mSQL (0.1ms)[0m  [1mDELETE FROM "users" WHERE "users"."id" = ?[0m  [["id", 65]]
  [1m[35m (15.5ms)[0m  commit transaction
  [1m[36m (0.1ms)[0m  [1mbegin transaction[0m
  [1m[35mSQL (0.1ms)[0m  DELETE FROM "users" WHERE "users"."id" = ?  [["id", 66]]
  [1m[36m (15.3ms)[0m  [1mcommit transaction[0m
  [1m[35mTodoList Load (0.1ms)[0m  SELECT "todo_lists".* FROM "todo_lists"
  [1m[36mUser Load (0.1ms)[0m  [1mSELECT "users".* FROM "users"[0m
  [1m[35mTodoList Load (0.1ms)[0m  SELECT "todo_lists".* FROM "todo_lists"
  [1m[36m (0.0ms)[0m  [1mbegin transaction[0m
  [1m[35mSQL (0.1ms)[0m  INSERT INTO "todo_lists" ("list_name", "list_due_date", "created_at", "updated_at") VALUES (?, ?, ?, ?)  [["list_name", "My list"], ["list_due_date", "2016-01-20"], ["created_at", "2016-01-20 17:13:00.097241"], ["updated_at", "2016-01-20 17:13:00.097241"]]
  [1m[36m (6.6ms)[0m  [1mcommit transaction[0m
  [1m[35m (0.1ms)[0m  begin transaction
  [1m[36mSQL (0.1ms)[0m  [1mINSERT INTO "todo_lists" ("list_name", "list_due_date", "created_at", "updated_at") VALUES (?, ?, ?, ?)[0m  [["list_name", "Bob's list"], ["list_due_date", "2016-01-20"], ["created_at", "2016-01-20 17:13:00.105195"], ["updated_at", "2016-01-20 17:13:00.105195"]]
  [1m[35m (5.0ms)[0m  commit transaction
  [1m[36m (0.1ms)[0m  [1mbegin transaction[0m
  [1m[35mSQL (0.3ms)[0m  INSERT INTO "todo_lists" ("list_name", "list_due_date", "created_at", "updated_at") VALUES (?, ?, ?, ?)  [["list_name", "Joe's list"], ["list_due_date", "2016-01-20"], ["created_at", "2016-01-20 17:13:00.111917"], ["updated_at", "2016-01-20 17:13:00.111917"]]
  [1m[36m (5.2ms)[0m  [1mcommit transaction[0m
  [1m[35m (0.1ms)[0m  begin transaction
  [1m[36mSQL (0.2ms)[0m  [1mINSERT INTO "todo_lists" ("list_name", "list_due_date", "created_at", "updated_at") VALUES (?, ?, ?, ?)[0m  [["list_name", "My list"], ["list_due_date", "2016-01-20"], ["created_at", "2016-01-20 17:13:00.119716"], ["updated_at", "2016-01-20 17:13:00.119716"]]
  [1m[35m (4.2ms)[0m  commit transaction
  [1m[36mTodoList Load (0.2ms)[0m  [1mSELECT "todo_lists".* FROM "todo_lists" WHERE "todo_lists"."list_name" = ?[0m  [["list_name", "My list"]]
  [1m[35mTodoList Load (0.1ms)[0m  SELECT "todo_lists".* FROM "todo_lists" WHERE "todo_lists"."list_name" = ?  [["list_name", "Bob's list"]]
  [1m[36mUser Load (0.1ms)[0m  [1mSELECT "users".* FROM "users"[0m
  [1m[35mTodoList Load (0.1ms)[0m  SELECT "todo_lists".* FROM "todo_lists"
  [1m[36m (0.1ms)[0m  [1mbegin transaction[0m
  [1m[35mSQL (0.1ms)[0m  DELETE FROM "todo_lists" WHERE "todo_lists"."id" = ?  [["id", 53]]
  [1m[36m (4.1ms)[0m  [1mcommit transaction[0m
  [1m[35m (0.1ms)[0m  begin transaction
  [1m[36mSQL (0.1ms)[0m  [1mDELETE FROM "todo_lists" WHERE "todo_lists"."id" = ?[0m  [["id", 54]]
  [1m[35m (4.6ms)[0m  commit transaction
  [1m[36m (0.1ms)[0m  [1mbegin transaction[0m
  [1m[35mSQL (0.1ms)[0m  DELETE FROM "todo_lists" WHERE "todo_lists"."id" = ?  [["id", 55]]
  [1m[36m (3.9ms)[0m  [1mcommit transaction[0m
  [1m[35m (0.1ms)[0m  begin transaction
  [1m[36mSQL (0.1ms)[0m  [1mDELETE FROM "todo_lists" WHERE "todo_lists"."id" = ?[0m  [["id", 56]]
  [1m[35m (4.0ms)[0m  commit transaction
  [1m[36mUser Load (0.1ms)[0m  [1mSELECT "users".* FROM "users"[0m
  [1m[35mTodoList Load (0.1ms)[0m  SELECT "todo_lists".* FROM "todo_lists"
  [1m[36m (0.1ms)[0m  [1mbegin transaction[0m
  [1m[35mSQL (0.1ms)[0m  INSERT INTO "users" ("username", "password_digest", "created_at", "updated_at") VALUES (?, ?, ?, ?)  [["username", "joesmith"], ["password_digest", "xxx"], ["created_at", "2016-01-20 17:13:00.150543"], ["updated_at", "2016-01-20 17:13:00.150543"]]
  [1m[36m (7.5ms)[0m  [1mcommit transaction[0m
  [1m[35mUser Load (0.2ms)[0m  SELECT  "users".* FROM "users" WHERE "users"."username" = ? LIMIT 1  [["username", "joesmith"]]
  [1m[36mUser Load (0.3ms)[0m  [1mSELECT  "users".* FROM "users" WHERE "users"."id" = ? LIMIT 1[0m  [["id", 67]]
  [1m[35mUser Load (0.3ms)[0m  SELECT "users".* FROM "users"
  [1m[36m (0.1ms)[0m  [1mbegin transaction[0m
  [1m[35mSQL (0.2ms)[0m  DELETE FROM "users" WHERE "users"."id" = ?  [["id", 67]]
  [1m[36m (15.6ms)[0m  [1mcommit transaction[0m
  [1m[35mTodoList Load (0.2ms)[0m  SELECT "todo_lists".* FROM "todo_lists"
  [1m[36mUser Load (0.1ms)[0m  [1mSELECT "users".* FROM "users"[0m
  [1m[35mTodoList Load (0.1ms)[0m  SELECT "todo_lists".* FROM "todo_lists"
  [1m[36m (0.1ms)[0m  [1mbegin transaction[0m
  [1m[35mSQL (0.2ms)[0m  INSERT INTO "todo_lists" ("list_name", "list_due_date", "created_at", "updated_at") VALUES (?, ?, ?, ?)  [["list_name", "my list"], ["list_due_date", "2016-01-20"], ["created_at", "2016-01-20 17:13:00.182469"], ["updated_at", "2016-01-20 17:13:00.182469"]]
  [1m[36m (15.3ms)[0m  [1mcommit transaction[0m
  [1m[35mTodoList Load (0.3ms)[0m  SELECT  "todo_lists".* FROM "todo_lists" WHERE "todo_lists"."list_name" = ? LIMIT 1  [["list_name", "my list"]]
  [1m[36mTodoList Load (0.3ms)[0m  [1mSELECT  "todo_lists".* FROM "todo_lists" WHERE "todo_lists"."id" = ? LIMIT 1[0m  [["id", 57]]
  [1m[35mUser Load (0.2ms)[0m  SELECT "users".* FROM "users"
  [1m[36mTodoList Load (0.2ms)[0m  [1mSELECT "todo_lists".* FROM "todo_lists"[0m
  [1m[35m (0.1ms)[0m  begin transaction
  [1m[36mSQL (0.2ms)[0m  [1mDELETE FROM "todo_lists" WHERE "todo_lists"."id" = ?[0m  [["id", 57]]
  [1m[35m (20.7ms)[0m  commit transaction
  [1m[36mUser Load (0.2ms)[0m  [1mSELECT "users".* FROM "users"[0m
  [1m[35mTodoList Load (0.1ms)[0m  SELECT "todo_lists".* FROM "todo_lists"
  [1m[36m (0.0ms)[0m  [1mbegin transaction[0m
  [1m[35mSQL (0.1ms)[0m  INSERT INTO "users" ("username", "password_digest", "created_at", "updated_at") VALUES (?, ?, ?, ?)  [["username", "joesmith"], ["password_digest", "xxx"], ["created_at", "2016-01-20 17:13:00.228225"], ["updated_at", "2016-01-20 17:13:00.228225"]]
  [1m[36m (15.6ms)[0m  [1mcommit transaction[0m
  [1m[35mUser Load (0.1ms)[0m  SELECT  "users".* FROM "users" WHERE "users"."username" = ? LIMIT 1  [["username", "joesmith"]]
  [1m[36mUser Load (0.0ms)[0m  [1mSELECT  "users".* FROM "users" WHERE "users"."id" = ? LIMIT 1[0m  [["id", 68]]
  [1m[35m (0.0ms)[0m  begin transaction
  [1m[36mSQL (0.2ms)[0m  [1mUPDATE "users" SET "password_digest" = ?, "updated_at" = ? WHERE "users"."id" = ?[0m  [["password_digest", "newpassword"], ["updated_at", "2016-01-20 17:13:00.245630"], ["id", 68]]
  [1m[35m (15.6ms)[0m  commit transaction
  [1m[36mUser Load (0.2ms)[0m  [1mSELECT  "users".* FROM "users" WHERE "users"."id" = ? LIMIT 1[0m  [["id", 68]]
  [1m[35mUser Load (0.1ms)[0m  SELECT "users".* FROM "users"
  [1m[36m (0.1ms)[0m  [1mbegin transaction[0m
  [1m[35mSQL (0.1ms)[0m  DELETE FROM "users" WHERE "users"."id" = ?  [["id", 68]]
  [1m[36m (15.1ms)[0m  [1mcommit transaction[0m
  [1m[35mTodoList Load (0.1ms)[0m  SELECT "todo_lists".* FROM "todo_lists"
  [1m[36mUser Load (0.1ms)[0m  [1mSELECT "users".* FROM "users"[0m
  [1m[35mTodoList Load (0.1ms)[0m  SELECT "todo_lists".* FROM "todo_lists"
  [1m[36m (0.0ms)[0m  [1mbegin transaction[0m
  [1m[35mSQL (0.1ms)[0m  INSERT INTO "todo_lists" ("list_name", "list_due_date", "created_at", "updated_at") VALUES (?, ?, ?, ?)  [["list_name", "my list"], ["list_due_date", "2016-01-20"], ["created_at", "2016-01-20 17:13:00.282457"], ["updated_at", "2016-01-20 17:13:00.282457"]]
  [1m[36m (15.4ms)[0m  [1mcommit transaction[0m
  [1m[35mTodoList Load (0.1ms)[0m  SELECT  "todo_lists".* FROM "todo_lists" WHERE "todo_lists"."list_name" = ? LIMIT 1  [["list_name", "my list"]]
  [1m[36mTodoList Load (0.1ms)[0m  [1mSELECT  "todo_lists".* FROM "todo_lists" WHERE "todo_lists"."id" = ? LIMIT 1[0m  [["id", 58]]
  [1m[35m (0.1ms)[0m  begin transaction
  [1m[36mSQL (0.3ms)[0m  [1mUPDATE "todo_lists" SET "list_name" = ?, "updated_at" = ? WHERE "todo_lists"."id" = ?[0m  [["list_name", "Big list"], ["updated_at", "2016-01-20 17:13:00.300420"], ["id", 58]]
  [1m[35m (7.0ms)[0m  commit transaction
  [1m[36mTodoList Load (0.1ms)[0m  [1mSELECT  "todo_lists".* FROM "todo_lists" WHERE "todo_lists"."id" = ? LIMIT 1[0m  [["id", 58]]
  [1m[35mUser Load (0.2ms)[0m  SELECT "users".* FROM "users"
  [1m[36mTodoList Load (0.1ms)[0m  [1mSELECT "todo_lists".* FROM "todo_lists"[0m
  [1m[35m (0.1ms)[0m  begin transaction
  [1m[36mSQL (0.1ms)[0m  [1mDELETE FROM "todo_lists" WHERE "todo_lists"."id" = ?[0m  [["id", 58]]
  [1m[35m (4.1ms)[0m  commit transaction
  [1m[36mUser Load (0.1ms)[0m  [1mSELECT "users".* FROM "users"[0m
  [1m[35mTodoList Load (0.1ms)[0m  SELECT "todo_lists".* FROM "todo_lists"
  [1m[36m (0.1ms)[0m  [1mbegin transaction[0m
  [1m[35mSQL (0.2ms)[0m  INSERT INTO "users" ("username", "password_digest", "created_at", "updated_at") VALUES (?, ?, ?, ?)  [["username", "deletetest"], ["password_digest", "foobar"], ["created_at", "2016-01-20 17:13:00.318954"], ["updated_at", "2016-01-20 17:13:00.318954"]]
  [1m[36m (4.2ms)[0m  [1mcommit transaction[0m
  [1m[35mUser Load (0.1ms)[0m  SELECT  "users".* FROM "users" WHERE "users"."id" = ? LIMIT 1  [["id", 69]]
  [1m[36mUser Load (0.1ms)[0m  [1mSELECT  "users".* FROM "users" WHERE "users"."id" = ? LIMIT 1[0m  [["id", 69]]
  [1m[35m (0.1ms)[0m  begin transaction
  [1m[36mSQL (0.1ms)[0m  [1mDELETE FROM "users" WHERE "users"."id" = ?[0m  [["id", 69]]
  [1m[35m (4.8ms)[0m  commit transaction
  [1m[36mUser Load (0.2ms)[0m  [1mSELECT  "users".* FROM "users" WHERE "users"."id" = ? LIMIT 1[0m  [["id", 69]]
  [1m[35mUser Load (0.2ms)[0m  SELECT "users".* FROM "users"
  [1m[36mTodoList Load (0.1ms)[0m  [1mSELECT "todo_lists".* FROM "todo_lists"[0m
  [1m[35mUser Load (0.1ms)[0m  SELECT "users".* FROM "users"
  [1m[36mTodoList Load (0.1ms)[0m  [1mSELECT "todo_lists".* FROM "todo_lists"[0m
  [1m[35m (0.1ms)[0m  begin transaction
  [1m[36mSQL (0.3ms)[0m  [1mINSERT INTO "todo_lists" ("list_name", "list_due_date", "created_at", "updated_at") VALUES (?, ?, ?, ?)[0m  [["list_name", "delete list"], ["list_due_date", "2020-01-01"], ["created_at", "2016-01-20 17:13:00.338978"], ["updated_at", "2016-01-20 17:13:00.338978"]]
  [1m[35m (5.1ms)[0m  commit transaction
  [1m[36mTodoList Load (0.2ms)[0m  [1mSELECT  "todo_lists".* FROM "todo_lists" WHERE "todo_lists"."id" = ? LIMIT 1[0m  [["id", 59]]
  [1m[35mTodoList Load (0.1ms)[0m  SELECT  "todo_lists".* FROM "todo_lists" WHERE "todo_lists"."id" = ? LIMIT 1  [["id", 59]]
  [1m[36m (0.1ms)[0m  [1mbegin transaction[0m
  [1m[35mSQL (0.1ms)[0m  DELETE FROM "todo_lists" WHERE "todo_lists"."id" = ?  [["id", 59]]
  [1m[36m (4.1ms)[0m  [1mcommit transaction[0m
  [1m[35mTodoList Load (0.1ms)[0m  SELECT  "todo_lists".* FROM "todo_lists" WHERE "todo_lists"."id" = ? LIMIT 1  [["id", 59]]


Started GET "/" for 127.0.0.1 at 2016-10-19 09:58:16 -0500
  [1m[36mActiveRecord::SchemaMigration Load (0.1ms)[0m  [1mSELECT "schema_migrations".* FROM "schema_migrations"[0m
Processing by Rails::WelcomeController#index as HTML
  Rendered /usr/local/lib/ruby/gems/2.0.0/gems/railties-4.2.3/lib/rails/templates/rails/welcome/index.html.erb (0.9ms)
Completed 200 OK in 45ms (Views: 37.9ms | ActiveRecord: 0.0ms)
